<html>
<head>
<title>TestNG:  TestChrome</title>
<link href="../testng.css" rel="stylesheet" type="text/css" />
<link href="../my-testng.css" rel="stylesheet" type="text/css" />

<style type="text/css">
.log { display: none;} 
.stack-trace { display: none;} 
</style>
<script type="text/javascript">
<!--
function flip(e) {
  current = e.style.display;
  if (current == 'block') {
    e.style.display = 'none';
    return 0;
  }
  else {
    e.style.display = 'block';
    return 1;
  }
}

function toggleBox(szDivId, elem, msg1, msg2)
{
  var res = -1;  if (document.getElementById) {
    res = flip(document.getElementById(szDivId));
  }
  else if (document.all) {
    // this is the way old msie versions work
    res = flip(document.all[szDivId]);
  }
  if(elem) {
    if(res == 0) elem.innerHTML = msg1; else elem.innerHTML = msg2;
  }

}

function toggleAllBoxes() {
  if (document.getElementsByTagName) {
    d = document.getElementsByTagName('div');
    for (i = 0; i < d.length; i++) {
      if (d[i].className == 'log') {
        flip(d[i]);
      }
    }
  }
}

// -->
</script>

</head>
<body>
<h2 align='center'>TestChrome</h2><table border='1' align="center">
<tr>
<td>Tests passed/Failed/Skipped:</td><td>63/4/0</td>
</tr><tr>
<td>Started on:</td><td>Sun May 31 17:19:48 IST 2020</td>
</tr>
<tr><td>Total time:</td><td>1626 seconds (1626398 ms)</td>
</tr><tr>
<td>Included groups:</td><td></td>
</tr><tr>
<td>Excluded groups:</td><td></td>
</tr>
</table><p/>
<small><i>(Hover the method name to see the test class name)</i></small><p/>
<table width='100%' border='1' class='invocation-failed'>
<tr><td colspan='4' align='center'><b>FAILED TESTS</b></td></tr>
<tr><td><b>Test method</b></td>
<td width="30%"><b>Exception</b></td>
<td width="10%"><b>Time (seconds)</b></td>
<td><b>Instance</b></td>
</tr>
<tr>
<td title='geoPackTest.AgencyTest.AgencyAnnually10000NoExtSupport()'><b>AgencyAnnually10000NoExtSupport</b><br>Test class: geoPackTest.AgencyTest</td>
<td><div><pre>org.openqa.selenium.NoSuchElementException: no such element: Unable to locate element: {&quot;method&quot;:&quot;xpath&quot;,&quot;selector&quot;:&quot;//select[contains(@id,&apos;NoOfLicense&apos;)]&quot;}
  (Session info: chrome=83.0.4103.61)
For documentation on this error, please visit: https://www.seleniumhq.org/exceptions/no_such_element.html
Build info: version: &apos;3.141.59&apos;, revision: &apos;e82be7d358&apos;, time: &apos;2018-11-14T08:17:03&apos;
System info: host: &apos;DESKTOP-5KN6EBV&apos;, ip: &apos;192.168.0.102&apos;, os.name: &apos;Windows 10&apos;, os.arch: &apos;amd64&apos;, os.version: &apos;10.0&apos;, java.version: &apos;11.0.4&apos;
Driver info: org.openqa.selenium.chrome.ChromeDriver
Capabilities {acceptInsecureCerts: false, browserName: chrome, browserVersion: 83.0.4103.61, chrome: {chromedriverVersion: 83.0.4103.39 (ccbf011cb2d2b..., userDataDir: C:\Users\cc\AppData\Local\T...}, goog:chromeOptions: {debuggerAddress: localhost:52295}, javascriptEnabled: true, networkConnectionEnabled: false, pageLoadStrategy: normal, platform: WINDOWS, platformName: WINDOWS, proxy: Proxy(), setWindowRect: true, strictFileInteractability: false, timeouts: {implicit: 0, pageLoad: 300000, script: 30000}, unhandledPromptBehavior: dismiss and notify, webauthn:virtualAuthenticators: true}
Session ID: 279c770553461e3b6eec14fe66ef76a4
*** Element info: {Using=xpath, value=//select[contains(@id,&apos;NoOfLicense&apos;)]}
	at org.openqa.selenium.remote.http.W3CHttpResponseCodec.createException(W3CHttpResponseCodec.java:187)
	at org.openqa.selenium.remote.http.W3CHttpResponseCodec.decode(W3CHttpResponseCodec.java:122)
	at org.openqa.selenium.remote.http.W3CHttpResponseCodec.decode(W3CHttpResponseCodec.java:49)
	at org.openqa.selenium.remote.HttpCommandExecutor.execute(HttpCommandExecutor.java:158)
	at org.openqa.selenium.remote.service.DriverCommandExecutor.execute(DriverCommandExecutor.java:83)
	at org.openqa.selenium.remote.RemoteWebDriver.execute(RemoteWebDriver.java:552)
	at org.openqa.selenium.remote.RemoteWebDriver.findElement(RemoteWebDriver.java:323)
	at org.openqa.selenium.remote.RemoteWebDriver.findElementByXPath(RemoteWebDriver.java:428)
	at org.openqa.selenium.By$ByXPath.findElement(By.java:353)
	at org.openqa.selenium.remote.RemoteWebDriver.findElement(RemoteWebDriver.java:315)
	at geoPackPages.CartPage.addAdditionalLicense(CartPage.java:49)
	at geoPackPages.UtilityFunctions.checkoutProcessWithoutExtSupportAgency(UtilityFunctions.java:59)
	at geoPackTest.AgencyTest.AgencyAnnually10000NoExtSupport(AgencyTest.java:67)
	at java.base/java.util.ArrayList.forEach(ArrayList.java:1540)
... Removed 31 stack frames</pre></div><a href='#' onClick='toggleBox("stack-trace589884531", this, "Click to show all stack frames", "Click to hide stack frames")'>Click to show all stack frames</a>
<div class='stack-trace' id='stack-trace589884531'><pre>org.openqa.selenium.NoSuchElementException: no such element: Unable to locate element: {&quot;method&quot;:&quot;xpath&quot;,&quot;selector&quot;:&quot;//select[contains(@id,&apos;NoOfLicense&apos;)]&quot;}
  (Session info: chrome=83.0.4103.61)
For documentation on this error, please visit: https://www.seleniumhq.org/exceptions/no_such_element.html
Build info: version: &apos;3.141.59&apos;, revision: &apos;e82be7d358&apos;, time: &apos;2018-11-14T08:17:03&apos;
System info: host: &apos;DESKTOP-5KN6EBV&apos;, ip: &apos;192.168.0.102&apos;, os.name: &apos;Windows 10&apos;, os.arch: &apos;amd64&apos;, os.version: &apos;10.0&apos;, java.version: &apos;11.0.4&apos;
Driver info: org.openqa.selenium.chrome.ChromeDriver
Capabilities {acceptInsecureCerts: false, browserName: chrome, browserVersion: 83.0.4103.61, chrome: {chromedriverVersion: 83.0.4103.39 (ccbf011cb2d2b..., userDataDir: C:\Users\cc\AppData\Local\T...}, goog:chromeOptions: {debuggerAddress: localhost:52295}, javascriptEnabled: true, networkConnectionEnabled: false, pageLoadStrategy: normal, platform: WINDOWS, platformName: WINDOWS, proxy: Proxy(), setWindowRect: true, strictFileInteractability: false, timeouts: {implicit: 0, pageLoad: 300000, script: 30000}, unhandledPromptBehavior: dismiss and notify, webauthn:virtualAuthenticators: true}
Session ID: 279c770553461e3b6eec14fe66ef76a4
*** Element info: {Using=xpath, value=//select[contains(@id,&apos;NoOfLicense&apos;)]}
	at java.base/jdk.internal.reflect.NativeConstructorAccessorImpl.newInstance0(Native Method)
	at java.base/jdk.internal.reflect.NativeConstructorAccessorImpl.newInstance(NativeConstructorAccessorImpl.java:62)
	at java.base/jdk.internal.reflect.DelegatingConstructorAccessorImpl.newInstance(DelegatingConstructorAccessorImpl.java:45)
	at java.base/java.lang.reflect.Constructor.newInstance(Constructor.java:490)
	at org.openqa.selenium.remote.http.W3CHttpResponseCodec.createException(W3CHttpResponseCodec.java:187)
	at org.openqa.selenium.remote.http.W3CHttpResponseCodec.decode(W3CHttpResponseCodec.java:122)
	at org.openqa.selenium.remote.http.W3CHttpResponseCodec.decode(W3CHttpResponseCodec.java:49)
	at org.openqa.selenium.remote.HttpCommandExecutor.execute(HttpCommandExecutor.java:158)
	at org.openqa.selenium.remote.service.DriverCommandExecutor.execute(DriverCommandExecutor.java:83)
	at org.openqa.selenium.remote.RemoteWebDriver.execute(RemoteWebDriver.java:552)
	at org.openqa.selenium.remote.RemoteWebDriver.findElement(RemoteWebDriver.java:323)
	at org.openqa.selenium.remote.RemoteWebDriver.findElementByXPath(RemoteWebDriver.java:428)
	at org.openqa.selenium.By$ByXPath.findElement(By.java:353)
	at org.openqa.selenium.remote.RemoteWebDriver.findElement(RemoteWebDriver.java:315)
	at geoPackPages.CartPage.addAdditionalLicense(CartPage.java:49)
	at geoPackPages.UtilityFunctions.checkoutProcessWithoutExtSupportAgency(UtilityFunctions.java:59)
	at geoPackTest.AgencyTest.AgencyAnnually10000NoExtSupport(AgencyTest.java:67)
	at java.base/jdk.internal.reflect.NativeMethodAccessorImpl.invoke0(Native Method)
	at java.base/jdk.internal.reflect.NativeMethodAccessorImpl.invoke(NativeMethodAccessorImpl.java:62)
	at java.base/jdk.internal.reflect.DelegatingMethodAccessorImpl.invoke(DelegatingMethodAccessorImpl.java:43)
	at java.base/java.lang.reflect.Method.invoke(Method.java:566)
	at org.testng.internal.MethodInvocationHelper.invokeMethod(MethodInvocationHelper.java:133)
	at org.testng.internal.TestInvoker.invokeMethod(TestInvoker.java:584)
	at org.testng.internal.TestInvoker.invokeTestMethod(TestInvoker.java:172)
	at org.testng.internal.MethodRunner.runInSequence(MethodRunner.java:46)
	at org.testng.internal.TestInvoker$MethodInvocationAgent.invoke(TestInvoker.java:804)
	at org.testng.internal.TestInvoker.invokeTestMethods(TestInvoker.java:145)
	at org.testng.internal.TestMethodWorker.invokeTestMethods(TestMethodWorker.java:146)
	at org.testng.internal.TestMethodWorker.run(TestMethodWorker.java:128)
	at java.base/java.util.ArrayList.forEach(ArrayList.java:1540)
	at org.testng.TestRunner.privateRun(TestRunner.java:770)
	at org.testng.TestRunner.run(TestRunner.java:591)
	at org.testng.SuiteRunner.runTest(SuiteRunner.java:402)
	at org.testng.SuiteRunner.runSequentially(SuiteRunner.java:396)
	at org.testng.SuiteRunner.privateRun(SuiteRunner.java:355)
	at org.testng.SuiteRunner.run(SuiteRunner.java:304)
	at org.testng.SuiteRunnerWorker.runSuite(SuiteRunnerWorker.java:53)
	at org.testng.SuiteRunnerWorker.run(SuiteRunnerWorker.java:96)
	at org.testng.TestNG.runSuitesSequentially(TestNG.java:1180)
	at org.testng.TestNG.runSuitesLocally(TestNG.java:1102)
	at org.testng.TestNG.runSuites(TestNG.java:1032)
	at org.testng.TestNG.run(TestNG.java:1000)
	at org.testng.remote.AbstractRemoteTestNG.run(AbstractRemoteTestNG.java:115)
	at org.testng.remote.RemoteTestNG.initAndRun(RemoteTestNG.java:251)
	at org.testng.remote.RemoteTestNG.main(RemoteTestNG.java:77)
</pre></div></td>
<td>27</td>
<td>geoPackTest.AgencyTest@3829ac1</td></tr>
<tr>
<td title='geoPackTest.AgencyTest.AgencyAnnually10000WithExtSupport()'><b>AgencyAnnually10000WithExtSupport</b><br>Test class: geoPackTest.AgencyTest</td>
<td><div><pre>org.openqa.selenium.NoSuchElementException: no such element: Unable to locate element: {&quot;method&quot;:&quot;xpath&quot;,&quot;selector&quot;:&quot;//select[@id=&apos;ddlSupportType&apos;]&quot;}
  (Session info: chrome=83.0.4103.61)
For documentation on this error, please visit: https://www.seleniumhq.org/exceptions/no_such_element.html
Build info: version: &apos;3.141.59&apos;, revision: &apos;e82be7d358&apos;, time: &apos;2018-11-14T08:17:03&apos;
System info: host: &apos;DESKTOP-5KN6EBV&apos;, ip: &apos;192.168.0.102&apos;, os.name: &apos;Windows 10&apos;, os.arch: &apos;amd64&apos;, os.version: &apos;10.0&apos;, java.version: &apos;11.0.4&apos;
Driver info: org.openqa.selenium.chrome.ChromeDriver
Capabilities {acceptInsecureCerts: false, browserName: chrome, browserVersion: 83.0.4103.61, chrome: {chromedriverVersion: 83.0.4103.39 (ccbf011cb2d2b..., userDataDir: C:\Users\cc\AppData\Local\T...}, goog:chromeOptions: {debuggerAddress: localhost:52316}, javascriptEnabled: true, networkConnectionEnabled: false, pageLoadStrategy: normal, platform: WINDOWS, platformName: WINDOWS, proxy: Proxy(), setWindowRect: true, strictFileInteractability: false, timeouts: {implicit: 0, pageLoad: 300000, script: 30000}, unhandledPromptBehavior: dismiss and notify, webauthn:virtualAuthenticators: true}
Session ID: 98024e3936a1f2da33134570b14861cb
*** Element info: {Using=xpath, value=//select[@id=&apos;ddlSupportType&apos;]}
	at org.openqa.selenium.remote.http.W3CHttpResponseCodec.createException(W3CHttpResponseCodec.java:187)
	at org.openqa.selenium.remote.http.W3CHttpResponseCodec.decode(W3CHttpResponseCodec.java:122)
	at org.openqa.selenium.remote.http.W3CHttpResponseCodec.decode(W3CHttpResponseCodec.java:49)
	at org.openqa.selenium.remote.HttpCommandExecutor.execute(HttpCommandExecutor.java:158)
	at org.openqa.selenium.remote.service.DriverCommandExecutor.execute(DriverCommandExecutor.java:83)
	at org.openqa.selenium.remote.RemoteWebDriver.execute(RemoteWebDriver.java:552)
	at org.openqa.selenium.remote.RemoteWebDriver.findElement(RemoteWebDriver.java:323)
	at org.openqa.selenium.remote.RemoteWebDriver.findElementByXPath(RemoteWebDriver.java:428)
	at org.openqa.selenium.By$ByXPath.findElement(By.java:353)
	at org.openqa.selenium.remote.RemoteWebDriver.findElement(RemoteWebDriver.java:315)
	at geoPackPages.CartPage.supportDropDown(CartPage.java:62)
	at geoPackPages.UtilityFunctions.checkoutProcessWithExtSupportAgency(UtilityFunctions.java:73)
	at geoPackTest.AgencyTest.AgencyAnnually10000WithExtSupport(AgencyTest.java:74)
	at java.base/java.util.ArrayList.forEach(ArrayList.java:1540)
... Removed 31 stack frames</pre></div><a href='#' onClick='toggleBox("stack-trace274725976", this, "Click to show all stack frames", "Click to hide stack frames")'>Click to show all stack frames</a>
<div class='stack-trace' id='stack-trace274725976'><pre>org.openqa.selenium.NoSuchElementException: no such element: Unable to locate element: {&quot;method&quot;:&quot;xpath&quot;,&quot;selector&quot;:&quot;//select[@id=&apos;ddlSupportType&apos;]&quot;}
  (Session info: chrome=83.0.4103.61)
For documentation on this error, please visit: https://www.seleniumhq.org/exceptions/no_such_element.html
Build info: version: &apos;3.141.59&apos;, revision: &apos;e82be7d358&apos;, time: &apos;2018-11-14T08:17:03&apos;
System info: host: &apos;DESKTOP-5KN6EBV&apos;, ip: &apos;192.168.0.102&apos;, os.name: &apos;Windows 10&apos;, os.arch: &apos;amd64&apos;, os.version: &apos;10.0&apos;, java.version: &apos;11.0.4&apos;
Driver info: org.openqa.selenium.chrome.ChromeDriver
Capabilities {acceptInsecureCerts: false, browserName: chrome, browserVersion: 83.0.4103.61, chrome: {chromedriverVersion: 83.0.4103.39 (ccbf011cb2d2b..., userDataDir: C:\Users\cc\AppData\Local\T...}, goog:chromeOptions: {debuggerAddress: localhost:52316}, javascriptEnabled: true, networkConnectionEnabled: false, pageLoadStrategy: normal, platform: WINDOWS, platformName: WINDOWS, proxy: Proxy(), setWindowRect: true, strictFileInteractability: false, timeouts: {implicit: 0, pageLoad: 300000, script: 30000}, unhandledPromptBehavior: dismiss and notify, webauthn:virtualAuthenticators: true}
Session ID: 98024e3936a1f2da33134570b14861cb
*** Element info: {Using=xpath, value=//select[@id=&apos;ddlSupportType&apos;]}
	at java.base/jdk.internal.reflect.NativeConstructorAccessorImpl.newInstance0(Native Method)
	at java.base/jdk.internal.reflect.NativeConstructorAccessorImpl.newInstance(NativeConstructorAccessorImpl.java:62)
	at java.base/jdk.internal.reflect.DelegatingConstructorAccessorImpl.newInstance(DelegatingConstructorAccessorImpl.java:45)
	at java.base/java.lang.reflect.Constructor.newInstance(Constructor.java:490)
	at org.openqa.selenium.remote.http.W3CHttpResponseCodec.createException(W3CHttpResponseCodec.java:187)
	at org.openqa.selenium.remote.http.W3CHttpResponseCodec.decode(W3CHttpResponseCodec.java:122)
	at org.openqa.selenium.remote.http.W3CHttpResponseCodec.decode(W3CHttpResponseCodec.java:49)
	at org.openqa.selenium.remote.HttpCommandExecutor.execute(HttpCommandExecutor.java:158)
	at org.openqa.selenium.remote.service.DriverCommandExecutor.execute(DriverCommandExecutor.java:83)
	at org.openqa.selenium.remote.RemoteWebDriver.execute(RemoteWebDriver.java:552)
	at org.openqa.selenium.remote.RemoteWebDriver.findElement(RemoteWebDriver.java:323)
	at org.openqa.selenium.remote.RemoteWebDriver.findElementByXPath(RemoteWebDriver.java:428)
	at org.openqa.selenium.By$ByXPath.findElement(By.java:353)
	at org.openqa.selenium.remote.RemoteWebDriver.findElement(RemoteWebDriver.java:315)
	at geoPackPages.CartPage.supportDropDown(CartPage.java:62)
	at geoPackPages.UtilityFunctions.checkoutProcessWithExtSupportAgency(UtilityFunctions.java:73)
	at geoPackTest.AgencyTest.AgencyAnnually10000WithExtSupport(AgencyTest.java:74)
	at java.base/jdk.internal.reflect.NativeMethodAccessorImpl.invoke0(Native Method)
	at java.base/jdk.internal.reflect.NativeMethodAccessorImpl.invoke(NativeMethodAccessorImpl.java:62)
	at java.base/jdk.internal.reflect.DelegatingMethodAccessorImpl.invoke(DelegatingMethodAccessorImpl.java:43)
	at java.base/java.lang.reflect.Method.invoke(Method.java:566)
	at org.testng.internal.MethodInvocationHelper.invokeMethod(MethodInvocationHelper.java:133)
	at org.testng.internal.TestInvoker.invokeMethod(TestInvoker.java:584)
	at org.testng.internal.TestInvoker.invokeTestMethod(TestInvoker.java:172)
	at org.testng.internal.MethodRunner.runInSequence(MethodRunner.java:46)
	at org.testng.internal.TestInvoker$MethodInvocationAgent.invoke(TestInvoker.java:804)
	at org.testng.internal.TestInvoker.invokeTestMethods(TestInvoker.java:145)
	at org.testng.internal.TestMethodWorker.invokeTestMethods(TestMethodWorker.java:146)
	at org.testng.internal.TestMethodWorker.run(TestMethodWorker.java:128)
	at java.base/java.util.ArrayList.forEach(ArrayList.java:1540)
	at org.testng.TestRunner.privateRun(TestRunner.java:770)
	at org.testng.TestRunner.run(TestRunner.java:591)
	at org.testng.SuiteRunner.runTest(SuiteRunner.java:402)
	at org.testng.SuiteRunner.runSequentially(SuiteRunner.java:396)
	at org.testng.SuiteRunner.privateRun(SuiteRunner.java:355)
	at org.testng.SuiteRunner.run(SuiteRunner.java:304)
	at org.testng.SuiteRunnerWorker.runSuite(SuiteRunnerWorker.java:53)
	at org.testng.SuiteRunnerWorker.run(SuiteRunnerWorker.java:96)
	at org.testng.TestNG.runSuitesSequentially(TestNG.java:1180)
	at org.testng.TestNG.runSuitesLocally(TestNG.java:1102)
	at org.testng.TestNG.runSuites(TestNG.java:1032)
	at org.testng.TestNG.run(TestNG.java:1000)
	at org.testng.remote.AbstractRemoteTestNG.run(AbstractRemoteTestNG.java:115)
	at org.testng.remote.RemoteTestNG.initAndRun(RemoteTestNG.java:251)
	at org.testng.remote.RemoteTestNG.main(RemoteTestNG.java:77)
</pre></div></td>
<td>27</td>
<td>geoPackTest.AgencyTest@3829ac1</td></tr>
<tr>
<td title='geoPackTest.EnterPrizeTest.EnterprizeAnnually10000SmallestNoExtSupport()'><b>EnterprizeAnnually10000SmallestNoExtSupport</b><br>Test class: geoPackTest.EnterPrizeTest</td>
<td><div><pre>org.openqa.selenium.NoSuchElementException: no such element: Unable to locate element: {&quot;method&quot;:&quot;xpath&quot;,&quot;selector&quot;:&quot;//button[@id=&apos;btnCheckout&apos;]&quot;}
  (Session info: chrome=83.0.4103.61)
For documentation on this error, please visit: https://www.seleniumhq.org/exceptions/no_such_element.html
Build info: version: &apos;3.141.59&apos;, revision: &apos;e82be7d358&apos;, time: &apos;2018-11-14T08:17:03&apos;
System info: host: &apos;DESKTOP-5KN6EBV&apos;, ip: &apos;192.168.0.102&apos;, os.name: &apos;Windows 10&apos;, os.arch: &apos;amd64&apos;, os.version: &apos;10.0&apos;, java.version: &apos;11.0.4&apos;
Driver info: org.openqa.selenium.chrome.ChromeDriver
Capabilities {acceptInsecureCerts: false, browserName: chrome, browserVersion: 83.0.4103.61, chrome: {chromedriverVersion: 83.0.4103.39 (ccbf011cb2d2b..., userDataDir: C:\Users\cc\AppData\Local\T...}, goog:chromeOptions: {debuggerAddress: localhost:53039}, javascriptEnabled: true, networkConnectionEnabled: false, pageLoadStrategy: normal, platform: WINDOWS, platformName: WINDOWS, proxy: Proxy(), setWindowRect: true, strictFileInteractability: false, timeouts: {implicit: 0, pageLoad: 300000, script: 30000}, unhandledPromptBehavior: dismiss and notify, webauthn:virtualAuthenticators: true}
Session ID: 0d1ee3d62eb4efbef003853e7ed0910c
*** Element info: {Using=xpath, value=//button[@id=&apos;btnCheckout&apos;]}
	at org.openqa.selenium.remote.http.W3CHttpResponseCodec.createException(W3CHttpResponseCodec.java:187)
	at org.openqa.selenium.remote.http.W3CHttpResponseCodec.decode(W3CHttpResponseCodec.java:122)
	at org.openqa.selenium.remote.http.W3CHttpResponseCodec.decode(W3CHttpResponseCodec.java:49)
	at org.openqa.selenium.remote.HttpCommandExecutor.execute(HttpCommandExecutor.java:158)
	at org.openqa.selenium.remote.service.DriverCommandExecutor.execute(DriverCommandExecutor.java:83)
	at org.openqa.selenium.remote.RemoteWebDriver.execute(RemoteWebDriver.java:552)
	at org.openqa.selenium.remote.RemoteWebDriver.findElement(RemoteWebDriver.java:323)
	at org.openqa.selenium.remote.RemoteWebDriver.findElementByXPath(RemoteWebDriver.java:428)
	at org.openqa.selenium.By$ByXPath.findElement(By.java:353)
	at org.openqa.selenium.remote.RemoteWebDriver.findElement(RemoteWebDriver.java:315)
	at geoPackPages.CartPage.clickCheckoutButton(CartPage.java:40)
	at geoPackPages.UtilityFunctions.checkoutProcessWithoutExtSupportEnterPrize(UtilityFunctions.java:81)
	at geoPackTest.EnterPrizeTest.EnterprizeAnnually10000SmallestNoExtSupport(EnterPrizeTest.java:51)
	at java.base/java.util.ArrayList.forEach(ArrayList.java:1540)
... Removed 31 stack frames</pre></div><a href='#' onClick='toggleBox("stack-trace88473569", this, "Click to show all stack frames", "Click to hide stack frames")'>Click to show all stack frames</a>
<div class='stack-trace' id='stack-trace88473569'><pre>org.openqa.selenium.NoSuchElementException: no such element: Unable to locate element: {&quot;method&quot;:&quot;xpath&quot;,&quot;selector&quot;:&quot;//button[@id=&apos;btnCheckout&apos;]&quot;}
  (Session info: chrome=83.0.4103.61)
For documentation on this error, please visit: https://www.seleniumhq.org/exceptions/no_such_element.html
Build info: version: &apos;3.141.59&apos;, revision: &apos;e82be7d358&apos;, time: &apos;2018-11-14T08:17:03&apos;
System info: host: &apos;DESKTOP-5KN6EBV&apos;, ip: &apos;192.168.0.102&apos;, os.name: &apos;Windows 10&apos;, os.arch: &apos;amd64&apos;, os.version: &apos;10.0&apos;, java.version: &apos;11.0.4&apos;
Driver info: org.openqa.selenium.chrome.ChromeDriver
Capabilities {acceptInsecureCerts: false, browserName: chrome, browserVersion: 83.0.4103.61, chrome: {chromedriverVersion: 83.0.4103.39 (ccbf011cb2d2b..., userDataDir: C:\Users\cc\AppData\Local\T...}, goog:chromeOptions: {debuggerAddress: localhost:53039}, javascriptEnabled: true, networkConnectionEnabled: false, pageLoadStrategy: normal, platform: WINDOWS, platformName: WINDOWS, proxy: Proxy(), setWindowRect: true, strictFileInteractability: false, timeouts: {implicit: 0, pageLoad: 300000, script: 30000}, unhandledPromptBehavior: dismiss and notify, webauthn:virtualAuthenticators: true}
Session ID: 0d1ee3d62eb4efbef003853e7ed0910c
*** Element info: {Using=xpath, value=//button[@id=&apos;btnCheckout&apos;]}
	at java.base/jdk.internal.reflect.NativeConstructorAccessorImpl.newInstance0(Native Method)
	at java.base/jdk.internal.reflect.NativeConstructorAccessorImpl.newInstance(NativeConstructorAccessorImpl.java:62)
	at java.base/jdk.internal.reflect.DelegatingConstructorAccessorImpl.newInstance(DelegatingConstructorAccessorImpl.java:45)
	at java.base/java.lang.reflect.Constructor.newInstance(Constructor.java:490)
	at org.openqa.selenium.remote.http.W3CHttpResponseCodec.createException(W3CHttpResponseCodec.java:187)
	at org.openqa.selenium.remote.http.W3CHttpResponseCodec.decode(W3CHttpResponseCodec.java:122)
	at org.openqa.selenium.remote.http.W3CHttpResponseCodec.decode(W3CHttpResponseCodec.java:49)
	at org.openqa.selenium.remote.HttpCommandExecutor.execute(HttpCommandExecutor.java:158)
	at org.openqa.selenium.remote.service.DriverCommandExecutor.execute(DriverCommandExecutor.java:83)
	at org.openqa.selenium.remote.RemoteWebDriver.execute(RemoteWebDriver.java:552)
	at org.openqa.selenium.remote.RemoteWebDriver.findElement(RemoteWebDriver.java:323)
	at org.openqa.selenium.remote.RemoteWebDriver.findElementByXPath(RemoteWebDriver.java:428)
	at org.openqa.selenium.By$ByXPath.findElement(By.java:353)
	at org.openqa.selenium.remote.RemoteWebDriver.findElement(RemoteWebDriver.java:315)
	at geoPackPages.CartPage.clickCheckoutButton(CartPage.java:40)
	at geoPackPages.UtilityFunctions.checkoutProcessWithoutExtSupportEnterPrize(UtilityFunctions.java:81)
	at geoPackTest.EnterPrizeTest.EnterprizeAnnually10000SmallestNoExtSupport(EnterPrizeTest.java:51)
	at java.base/jdk.internal.reflect.NativeMethodAccessorImpl.invoke0(Native Method)
	at java.base/jdk.internal.reflect.NativeMethodAccessorImpl.invoke(NativeMethodAccessorImpl.java:62)
	at java.base/jdk.internal.reflect.DelegatingMethodAccessorImpl.invoke(DelegatingMethodAccessorImpl.java:43)
	at java.base/java.lang.reflect.Method.invoke(Method.java:566)
	at org.testng.internal.MethodInvocationHelper.invokeMethod(MethodInvocationHelper.java:133)
	at org.testng.internal.TestInvoker.invokeMethod(TestInvoker.java:584)
	at org.testng.internal.TestInvoker.invokeTestMethod(TestInvoker.java:172)
	at org.testng.internal.MethodRunner.runInSequence(MethodRunner.java:46)
	at org.testng.internal.TestInvoker$MethodInvocationAgent.invoke(TestInvoker.java:804)
	at org.testng.internal.TestInvoker.invokeTestMethods(TestInvoker.java:145)
	at org.testng.internal.TestMethodWorker.invokeTestMethods(TestMethodWorker.java:146)
	at org.testng.internal.TestMethodWorker.run(TestMethodWorker.java:128)
	at java.base/java.util.ArrayList.forEach(ArrayList.java:1540)
	at org.testng.TestRunner.privateRun(TestRunner.java:770)
	at org.testng.TestRunner.run(TestRunner.java:591)
	at org.testng.SuiteRunner.runTest(SuiteRunner.java:402)
	at org.testng.SuiteRunner.runSequentially(SuiteRunner.java:396)
	at org.testng.SuiteRunner.privateRun(SuiteRunner.java:355)
	at org.testng.SuiteRunner.run(SuiteRunner.java:304)
	at org.testng.SuiteRunnerWorker.runSuite(SuiteRunnerWorker.java:53)
	at org.testng.SuiteRunnerWorker.run(SuiteRunnerWorker.java:96)
	at org.testng.TestNG.runSuitesSequentially(TestNG.java:1180)
	at org.testng.TestNG.runSuitesLocally(TestNG.java:1102)
	at org.testng.TestNG.runSuites(TestNG.java:1032)
	at org.testng.TestNG.run(TestNG.java:1000)
	at org.testng.remote.AbstractRemoteTestNG.run(AbstractRemoteTestNG.java:115)
	at org.testng.remote.RemoteTestNG.initAndRun(RemoteTestNG.java:251)
	at org.testng.remote.RemoteTestNG.main(RemoteTestNG.java:77)
</pre></div></td>
<td>28</td>
<td>geoPackTest.EnterPrizeTest@4baf352a</td></tr>
<tr>
<td title='geoPackTest.EnterPrizeTest.EnterprizeAnnually10000SmallestWithExtSupport()'><b>EnterprizeAnnually10000SmallestWithExtSupport</b><br>Test class: geoPackTest.EnterPrizeTest</td>
<td><div><pre>org.openqa.selenium.NoSuchElementException: no such element: Unable to locate element: {&quot;method&quot;:&quot;xpath&quot;,&quot;selector&quot;:&quot;//select[@id=&apos;ddlSupportType&apos;]&quot;}
  (Session info: chrome=83.0.4103.61)
For documentation on this error, please visit: https://www.seleniumhq.org/exceptions/no_such_element.html
Build info: version: &apos;3.141.59&apos;, revision: &apos;e82be7d358&apos;, time: &apos;2018-11-14T08:17:03&apos;
System info: host: &apos;DESKTOP-5KN6EBV&apos;, ip: &apos;192.168.0.102&apos;, os.name: &apos;Windows 10&apos;, os.arch: &apos;amd64&apos;, os.version: &apos;10.0&apos;, java.version: &apos;11.0.4&apos;
Driver info: org.openqa.selenium.chrome.ChromeDriver
Capabilities {acceptInsecureCerts: false, browserName: chrome, browserVersion: 83.0.4103.61, chrome: {chromedriverVersion: 83.0.4103.39 (ccbf011cb2d2b..., userDataDir: C:\Users\cc\AppData\Local\T...}, goog:chromeOptions: {debuggerAddress: localhost:53060}, javascriptEnabled: true, networkConnectionEnabled: false, pageLoadStrategy: normal, platform: WINDOWS, platformName: WINDOWS, proxy: Proxy(), setWindowRect: true, strictFileInteractability: false, timeouts: {implicit: 0, pageLoad: 300000, script: 30000}, unhandledPromptBehavior: dismiss and notify, webauthn:virtualAuthenticators: true}
Session ID: c0f1be51c78665a823ecca4fe7f66ac7
*** Element info: {Using=xpath, value=//select[@id=&apos;ddlSupportType&apos;]}
	at org.openqa.selenium.remote.http.W3CHttpResponseCodec.createException(W3CHttpResponseCodec.java:187)
	at org.openqa.selenium.remote.http.W3CHttpResponseCodec.decode(W3CHttpResponseCodec.java:122)
	at org.openqa.selenium.remote.http.W3CHttpResponseCodec.decode(W3CHttpResponseCodec.java:49)
	at org.openqa.selenium.remote.HttpCommandExecutor.execute(HttpCommandExecutor.java:158)
	at org.openqa.selenium.remote.service.DriverCommandExecutor.execute(DriverCommandExecutor.java:83)
	at org.openqa.selenium.remote.RemoteWebDriver.execute(RemoteWebDriver.java:552)
	at org.openqa.selenium.remote.RemoteWebDriver.findElement(RemoteWebDriver.java:323)
	at org.openqa.selenium.remote.RemoteWebDriver.findElementByXPath(RemoteWebDriver.java:428)
	at org.openqa.selenium.By$ByXPath.findElement(By.java:353)
	at org.openqa.selenium.remote.RemoteWebDriver.findElement(RemoteWebDriver.java:315)
	at geoPackPages.CartPage.supportDropDown(CartPage.java:62)
	at geoPackPages.UtilityFunctions.checkoutProcessWithExtSupportEnterPrize(UtilityFunctions.java:94)
	at geoPackTest.EnterPrizeTest.EnterprizeAnnually10000SmallestWithExtSupport(EnterPrizeTest.java:57)
	at java.base/java.util.ArrayList.forEach(ArrayList.java:1540)
... Removed 31 stack frames</pre></div><a href='#' onClick='toggleBox("stack-trace147236827", this, "Click to show all stack frames", "Click to hide stack frames")'>Click to show all stack frames</a>
<div class='stack-trace' id='stack-trace147236827'><pre>org.openqa.selenium.NoSuchElementException: no such element: Unable to locate element: {&quot;method&quot;:&quot;xpath&quot;,&quot;selector&quot;:&quot;//select[@id=&apos;ddlSupportType&apos;]&quot;}
  (Session info: chrome=83.0.4103.61)
For documentation on this error, please visit: https://www.seleniumhq.org/exceptions/no_such_element.html
Build info: version: &apos;3.141.59&apos;, revision: &apos;e82be7d358&apos;, time: &apos;2018-11-14T08:17:03&apos;
System info: host: &apos;DESKTOP-5KN6EBV&apos;, ip: &apos;192.168.0.102&apos;, os.name: &apos;Windows 10&apos;, os.arch: &apos;amd64&apos;, os.version: &apos;10.0&apos;, java.version: &apos;11.0.4&apos;
Driver info: org.openqa.selenium.chrome.ChromeDriver
Capabilities {acceptInsecureCerts: false, browserName: chrome, browserVersion: 83.0.4103.61, chrome: {chromedriverVersion: 83.0.4103.39 (ccbf011cb2d2b..., userDataDir: C:\Users\cc\AppData\Local\T...}, goog:chromeOptions: {debuggerAddress: localhost:53060}, javascriptEnabled: true, networkConnectionEnabled: false, pageLoadStrategy: normal, platform: WINDOWS, platformName: WINDOWS, proxy: Proxy(), setWindowRect: true, strictFileInteractability: false, timeouts: {implicit: 0, pageLoad: 300000, script: 30000}, unhandledPromptBehavior: dismiss and notify, webauthn:virtualAuthenticators: true}
Session ID: c0f1be51c78665a823ecca4fe7f66ac7
*** Element info: {Using=xpath, value=//select[@id=&apos;ddlSupportType&apos;]}
	at java.base/jdk.internal.reflect.NativeConstructorAccessorImpl.newInstance0(Native Method)
	at java.base/jdk.internal.reflect.NativeConstructorAccessorImpl.newInstance(NativeConstructorAccessorImpl.java:62)
	at java.base/jdk.internal.reflect.DelegatingConstructorAccessorImpl.newInstance(DelegatingConstructorAccessorImpl.java:45)
	at java.base/java.lang.reflect.Constructor.newInstance(Constructor.java:490)
	at org.openqa.selenium.remote.http.W3CHttpResponseCodec.createException(W3CHttpResponseCodec.java:187)
	at org.openqa.selenium.remote.http.W3CHttpResponseCodec.decode(W3CHttpResponseCodec.java:122)
	at org.openqa.selenium.remote.http.W3CHttpResponseCodec.decode(W3CHttpResponseCodec.java:49)
	at org.openqa.selenium.remote.HttpCommandExecutor.execute(HttpCommandExecutor.java:158)
	at org.openqa.selenium.remote.service.DriverCommandExecutor.execute(DriverCommandExecutor.java:83)
	at org.openqa.selenium.remote.RemoteWebDriver.execute(RemoteWebDriver.java:552)
	at org.openqa.selenium.remote.RemoteWebDriver.findElement(RemoteWebDriver.java:323)
	at org.openqa.selenium.remote.RemoteWebDriver.findElementByXPath(RemoteWebDriver.java:428)
	at org.openqa.selenium.By$ByXPath.findElement(By.java:353)
	at org.openqa.selenium.remote.RemoteWebDriver.findElement(RemoteWebDriver.java:315)
	at geoPackPages.CartPage.supportDropDown(CartPage.java:62)
	at geoPackPages.UtilityFunctions.checkoutProcessWithExtSupportEnterPrize(UtilityFunctions.java:94)
	at geoPackTest.EnterPrizeTest.EnterprizeAnnually10000SmallestWithExtSupport(EnterPrizeTest.java:57)
	at java.base/jdk.internal.reflect.NativeMethodAccessorImpl.invoke0(Native Method)
	at java.base/jdk.internal.reflect.NativeMethodAccessorImpl.invoke(NativeMethodAccessorImpl.java:62)
	at java.base/jdk.internal.reflect.DelegatingMethodAccessorImpl.invoke(DelegatingMethodAccessorImpl.java:43)
	at java.base/java.lang.reflect.Method.invoke(Method.java:566)
	at org.testng.internal.MethodInvocationHelper.invokeMethod(MethodInvocationHelper.java:133)
	at org.testng.internal.TestInvoker.invokeMethod(TestInvoker.java:584)
	at org.testng.internal.TestInvoker.invokeTestMethod(TestInvoker.java:172)
	at org.testng.internal.MethodRunner.runInSequence(MethodRunner.java:46)
	at org.testng.internal.TestInvoker$MethodInvocationAgent.invoke(TestInvoker.java:804)
	at org.testng.internal.TestInvoker.invokeTestMethods(TestInvoker.java:145)
	at org.testng.internal.TestMethodWorker.invokeTestMethods(TestMethodWorker.java:146)
	at org.testng.internal.TestMethodWorker.run(TestMethodWorker.java:128)
	at java.base/java.util.ArrayList.forEach(ArrayList.java:1540)
	at org.testng.TestRunner.privateRun(TestRunner.java:770)
	at org.testng.TestRunner.run(TestRunner.java:591)
	at org.testng.SuiteRunner.runTest(SuiteRunner.java:402)
	at org.testng.SuiteRunner.runSequentially(SuiteRunner.java:396)
	at org.testng.SuiteRunner.privateRun(SuiteRunner.java:355)
	at org.testng.SuiteRunner.run(SuiteRunner.java:304)
	at org.testng.SuiteRunnerWorker.runSuite(SuiteRunnerWorker.java:53)
	at org.testng.SuiteRunnerWorker.run(SuiteRunnerWorker.java:96)
	at org.testng.TestNG.runSuitesSequentially(TestNG.java:1180)
	at org.testng.TestNG.runSuitesLocally(TestNG.java:1102)
	at org.testng.TestNG.runSuites(TestNG.java:1032)
	at org.testng.TestNG.run(TestNG.java:1000)
	at org.testng.remote.AbstractRemoteTestNG.run(AbstractRemoteTestNG.java:115)
	at org.testng.remote.RemoteTestNG.initAndRun(RemoteTestNG.java:251)
	at org.testng.remote.RemoteTestNG.main(RemoteTestNG.java:77)
</pre></div></td>
<td>28</td>
<td>geoPackTest.EnterPrizeTest@4baf352a</td></tr>
</table><p>
<table width='100%' border='1' class='invocation-passed'>
<tr><td colspan='4' align='center'><b>PASSED TESTS</b></td></tr>
<tr><td><b>Test method</b></td>
<td width="30%"><b>Exception</b></td>
<td width="10%"><b>Time (seconds)</b></td>
<td><b>Instance</b></td>
</tr>
<tr>
<td title='geoPackTest.AgencyTest.AgencyAnnually1000000NoExtSupport()'><b>AgencyAnnually1000000NoExtSupport</b><br>Test class: geoPackTest.AgencyTest</td>
<td></td>
<td>11</td>
<td>geoPackTest.AgencyTest@3829ac1</td></tr>
<tr>
<td title='geoPackTest.AgencyTest.AgencyAnnually1000000WithExtSupport()'><b>AgencyAnnually1000000WithExtSupport</b><br>Test class: geoPackTest.AgencyTest</td>
<td></td>
<td>11</td>
<td>geoPackTest.AgencyTest@3829ac1</td></tr>
<tr>
<td title='geoPackTest.AgencyTest.AgencyAnnually160000NoExtSupport()'><b>AgencyAnnually160000NoExtSupport</b><br>Test class: geoPackTest.AgencyTest</td>
<td></td>
<td>11</td>
<td>geoPackTest.AgencyTest@3829ac1</td></tr>
<tr>
<td title='geoPackTest.AgencyTest.AgencyAnnually160000WithExtSupport()'><b>AgencyAnnually160000WithExtSupport</b><br>Test class: geoPackTest.AgencyTest</td>
<td></td>
<td>18</td>
<td>geoPackTest.AgencyTest@3829ac1</td></tr>
<tr>
<td title='geoPackTest.AgencyTest.AgencyAnnually20000NoExtSupport()'><b>AgencyAnnually20000NoExtSupport</b><br>Test class: geoPackTest.AgencyTest</td>
<td></td>
<td>11</td>
<td>geoPackTest.AgencyTest@3829ac1</td></tr>
<tr>
<td title='geoPackTest.AgencyTest.AgencyAnnually20000WithExtSupport()'><b>AgencyAnnually20000WithExtSupport</b><br>Test class: geoPackTest.AgencyTest</td>
<td></td>
<td>12</td>
<td>geoPackTest.AgencyTest@3829ac1</td></tr>
<tr>
<td title='geoPackTest.AgencyTest.AgencyAnnually240000NoExtSupport()'><b>AgencyAnnually240000NoExtSupport</b><br>Test class: geoPackTest.AgencyTest</td>
<td></td>
<td>11</td>
<td>geoPackTest.AgencyTest@3829ac1</td></tr>
<tr>
<td title='geoPackTest.AgencyTest.AgencyAnnually240000WithExtSupport()'><b>AgencyAnnually240000WithExtSupport</b><br>Test class: geoPackTest.AgencyTest</td>
<td></td>
<td>12</td>
<td>geoPackTest.AgencyTest@3829ac1</td></tr>
<tr>
<td title='geoPackTest.AgencyTest.AgencyAnnually350000NoExtSupport()'><b>AgencyAnnually350000NoExtSupport</b><br>Test class: geoPackTest.AgencyTest</td>
<td></td>
<td>11</td>
<td>geoPackTest.AgencyTest@3829ac1</td></tr>
<tr>
<td title='geoPackTest.AgencyTest.AgencyAnnually350000WithExtSupport()'><b>AgencyAnnually350000WithExtSupport</b><br>Test class: geoPackTest.AgencyTest</td>
<td></td>
<td>11</td>
<td>geoPackTest.AgencyTest@3829ac1</td></tr>
<tr>
<td title='geoPackTest.AgencyTest.AgencyAnnually500000NoExtSupport()'><b>AgencyAnnually500000NoExtSupport</b><br>Test class: geoPackTest.AgencyTest</td>
<td></td>
<td>11</td>
<td>geoPackTest.AgencyTest@3829ac1</td></tr>
<tr>
<td title='geoPackTest.AgencyTest.AgencyAnnually500000WithExtSupport()'><b>AgencyAnnually500000WithExtSupport</b><br>Test class: geoPackTest.AgencyTest</td>
<td></td>
<td>12</td>
<td>geoPackTest.AgencyTest@3829ac1</td></tr>
<tr>
<td title='geoPackTest.AgencyTest.AgencyAnnually750000NoExtSupport()'><b>AgencyAnnually750000NoExtSupport</b><br>Test class: geoPackTest.AgencyTest</td>
<td></td>
<td>12</td>
<td>geoPackTest.AgencyTest@3829ac1</td></tr>
<tr>
<td title='geoPackTest.AgencyTest.AgencyAnnually750000WithExtSupport()'><b>AgencyAnnually750000WithExtSupport</b><br>Test class: geoPackTest.AgencyTest</td>
<td></td>
<td>12</td>
<td>geoPackTest.AgencyTest@3829ac1</td></tr>
<tr>
<td title='geoPackTest.AgencyTest.AgencyAnnually80000NoExtSupport()'><b>AgencyAnnually80000NoExtSupport</b><br>Test class: geoPackTest.AgencyTest</td>
<td></td>
<td>12</td>
<td>geoPackTest.AgencyTest@3829ac1</td></tr>
<tr>
<td title='geoPackTest.AgencyTest.AgencyAnnually80000WithExtSupport()'><b>AgencyAnnually80000WithExtSupport</b><br>Test class: geoPackTest.AgencyTest</td>
<td></td>
<td>12</td>
<td>geoPackTest.AgencyTest@3829ac1</td></tr>
<tr>
<td title='geoPackTest.AgencyTest.AgencyMonthly1000000NoExtSupport()'><b>AgencyMonthly1000000NoExtSupport</b><br>Test class: geoPackTest.AgencyTest</td>
<td></td>
<td>12</td>
<td>geoPackTest.AgencyTest@3829ac1</td></tr>
<tr>
<td title='geoPackTest.AgencyTest.AgencyMonthly1000000WithExtSupport()'><b>AgencyMonthly1000000WithExtSupport</b><br>Test class: geoPackTest.AgencyTest</td>
<td></td>
<td>11</td>
<td>geoPackTest.AgencyTest@3829ac1</td></tr>
<tr>
<td title='geoPackTest.AgencyTest.AgencyMonthly10000SmallestNoExtSupport()'><b>AgencyMonthly10000SmallestNoExtSupport</b><br>Test class: geoPackTest.AgencyTest</td>
<td></td>
<td>11</td>
<td>geoPackTest.AgencyTest@3829ac1</td></tr>
<tr>
<td title='geoPackTest.AgencyTest.AgencyMonthly10000SmallestWithExtSupport()'><b>AgencyMonthly10000SmallestWithExtSupport</b><br>Test class: geoPackTest.AgencyTest</td>
<td></td>
<td>10</td>
<td>geoPackTest.AgencyTest@3829ac1</td></tr>
<tr>
<td title='geoPackTest.AgencyTest.AgencyMonthly160000NoExtSupport()'><b>AgencyMonthly160000NoExtSupport</b><br>Test class: geoPackTest.AgencyTest</td>
<td></td>
<td>11</td>
<td>geoPackTest.AgencyTest@3829ac1</td></tr>
<tr>
<td title='geoPackTest.AgencyTest.AgencyMonthly160000WithExtSupport()'><b>AgencyMonthly160000WithExtSupport</b><br>Test class: geoPackTest.AgencyTest</td>
<td></td>
<td>12</td>
<td>geoPackTest.AgencyTest@3829ac1</td></tr>
<tr>
<td title='geoPackTest.AgencyTest.AgencyMonthly20000NoExtSupport()'><b>AgencyMonthly20000NoExtSupport</b><br>Test class: geoPackTest.AgencyTest</td>
<td></td>
<td>14</td>
<td>geoPackTest.AgencyTest@3829ac1</td></tr>
<tr>
<td title='geoPackTest.AgencyTest.AgencyMonthly20000WithExtSupport()'><b>AgencyMonthly20000WithExtSupport</b><br>Test class: geoPackTest.AgencyTest</td>
<td></td>
<td>15</td>
<td>geoPackTest.AgencyTest@3829ac1</td></tr>
<tr>
<td title='geoPackTest.AgencyTest.AgencyMonthly240000NoExtSupport()'><b>AgencyMonthly240000NoExtSupport</b><br>Test class: geoPackTest.AgencyTest</td>
<td></td>
<td>12</td>
<td>geoPackTest.AgencyTest@3829ac1</td></tr>
<tr>
<td title='geoPackTest.AgencyTest.AgencyMonthly240000WithExtSupport()'><b>AgencyMonthly240000WithExtSupport</b><br>Test class: geoPackTest.AgencyTest</td>
<td></td>
<td>12</td>
<td>geoPackTest.AgencyTest@3829ac1</td></tr>
<tr>
<td title='geoPackTest.AgencyTest.AgencyMonthly350000NoExtSupport()'><b>AgencyMonthly350000NoExtSupport</b><br>Test class: geoPackTest.AgencyTest</td>
<td></td>
<td>12</td>
<td>geoPackTest.AgencyTest@3829ac1</td></tr>
<tr>
<td title='geoPackTest.AgencyTest.AgencyMonthly350000WithExtSupport()'><b>AgencyMonthly350000WithExtSupport</b><br>Test class: geoPackTest.AgencyTest</td>
<td></td>
<td>12</td>
<td>geoPackTest.AgencyTest@3829ac1</td></tr>
<tr>
<td title='geoPackTest.AgencyTest.AgencyMonthly500000NoExtSupport()'><b>AgencyMonthly500000NoExtSupport</b><br>Test class: geoPackTest.AgencyTest</td>
<td></td>
<td>11</td>
<td>geoPackTest.AgencyTest@3829ac1</td></tr>
<tr>
<td title='geoPackTest.AgencyTest.AgencyMonthly500000WithExtSupport()'><b>AgencyMonthly500000WithExtSupport</b><br>Test class: geoPackTest.AgencyTest</td>
<td></td>
<td>12</td>
<td>geoPackTest.AgencyTest@3829ac1</td></tr>
<tr>
<td title='geoPackTest.AgencyTest.AgencyMonthly750000NoExtSupport()'><b>AgencyMonthly750000NoExtSupport</b><br>Test class: geoPackTest.AgencyTest</td>
<td></td>
<td>11</td>
<td>geoPackTest.AgencyTest@3829ac1</td></tr>
<tr>
<td title='geoPackTest.AgencyTest.AgencyMonthly750000WithExtSupport()'><b>AgencyMonthly750000WithExtSupport</b><br>Test class: geoPackTest.AgencyTest</td>
<td></td>
<td>11</td>
<td>geoPackTest.AgencyTest@3829ac1</td></tr>
<tr>
<td title='geoPackTest.AgencyTest.AgencyMonthly80000NoExtSupport()'><b>AgencyMonthly80000NoExtSupport</b><br>Test class: geoPackTest.AgencyTest</td>
<td></td>
<td>16</td>
<td>geoPackTest.AgencyTest@3829ac1</td></tr>
<tr>
<td title='geoPackTest.AgencyTest.AgencyMonthly80000WithExtSupport()'><b>AgencyMonthly80000WithExtSupport</b><br>Test class: geoPackTest.AgencyTest</td>
<td></td>
<td>14</td>
<td>geoPackTest.AgencyTest@3829ac1</td></tr>
<tr>
<td title='geoPackTest.EnterPrizeTest.EnterprizeAnnually1000000NoExtSupport()'><b>EnterprizeAnnually1000000NoExtSupport</b><br>Test class: geoPackTest.EnterPrizeTest</td>
<td></td>
<td>12</td>
<td>geoPackTest.EnterPrizeTest@4baf352a</td></tr>
<tr>
<td title='geoPackTest.EnterPrizeTest.EnterprizeAnnually1000000WithExtSupport()'><b>EnterprizeAnnually1000000WithExtSupport</b><br>Test class: geoPackTest.EnterPrizeTest</td>
<td></td>
<td>11</td>
<td>geoPackTest.EnterPrizeTest@4baf352a</td></tr>
<tr>
<td title='geoPackTest.EnterPrizeTest.EnterprizeAnnually250000NoExtSupport()'><b>EnterprizeAnnually250000NoExtSupport</b><br>Test class: geoPackTest.EnterPrizeTest</td>
<td></td>
<td>11</td>
<td>geoPackTest.EnterPrizeTest@4baf352a</td></tr>
<tr>
<td title='geoPackTest.EnterPrizeTest.EnterprizeAnnually250000WithExtSupport()'><b>EnterprizeAnnually250000WithExtSupport</b><br>Test class: geoPackTest.EnterPrizeTest</td>
<td></td>
<td>12</td>
<td>geoPackTest.EnterPrizeTest@4baf352a</td></tr>
<tr>
<td title='geoPackTest.EnterPrizeTest.EnterprizeAnnually500000NoExtSupport()'><b>EnterprizeAnnually500000NoExtSupport</b><br>Test class: geoPackTest.EnterPrizeTest</td>
<td></td>
<td>11</td>
<td>geoPackTest.EnterPrizeTest@4baf352a</td></tr>
<tr>
<td title='geoPackTest.EnterPrizeTest.EnterprizeAnnually500000WithExtSupport()'><b>EnterprizeAnnually500000WithExtSupport</b><br>Test class: geoPackTest.EnterPrizeTest</td>
<td></td>
<td>13</td>
<td>geoPackTest.EnterPrizeTest@4baf352a</td></tr>
<tr>
<td title='geoPackTest.EnterPrizeTest.EnterprizeMonthly1000000NoExtSupport()'><b>EnterprizeMonthly1000000NoExtSupport</b><br>Test class: geoPackTest.EnterPrizeTest</td>
<td></td>
<td>11</td>
<td>geoPackTest.EnterPrizeTest@4baf352a</td></tr>
<tr>
<td title='geoPackTest.EnterPrizeTest.EnterprizeMonthly1000000WithExtSupport()'><b>EnterprizeMonthly1000000WithExtSupport</b><br>Test class: geoPackTest.EnterPrizeTest</td>
<td></td>
<td>12</td>
<td>geoPackTest.EnterPrizeTest@4baf352a</td></tr>
<tr>
<td title='geoPackTest.EnterPrizeTest.EnterprizeMonthly10000SmallestNA()'><b>EnterprizeMonthly10000SmallestNA</b><br>Test class: geoPackTest.EnterPrizeTest</td>
<td></td>
<td>7</td>
<td>geoPackTest.EnterPrizeTest@4baf352a</td></tr>
<tr>
<td title='geoPackTest.EnterPrizeTest.EnterprizeMonthly250000NoExtSupport()'><b>EnterprizeMonthly250000NoExtSupport</b><br>Test class: geoPackTest.EnterPrizeTest</td>
<td></td>
<td>13</td>
<td>geoPackTest.EnterPrizeTest@4baf352a</td></tr>
<tr>
<td title='geoPackTest.EnterPrizeTest.EnterprizeMonthly250000WithExtSupport()'><b>EnterprizeMonthly250000WithExtSupport</b><br>Test class: geoPackTest.EnterPrizeTest</td>
<td></td>
<td>12</td>
<td>geoPackTest.EnterPrizeTest@4baf352a</td></tr>
<tr>
<td title='geoPackTest.EnterPrizeTest.EnterprizeMonthly500000NoExtSupport()'><b>EnterprizeMonthly500000NoExtSupport</b><br>Test class: geoPackTest.EnterPrizeTest</td>
<td></td>
<td>11</td>
<td>geoPackTest.EnterPrizeTest@4baf352a</td></tr>
<tr>
<td title='geoPackTest.EnterPrizeTest.EnterprizeMonthly500000WithExtSupport()'><b>EnterprizeMonthly500000WithExtSupport</b><br>Test class: geoPackTest.EnterPrizeTest</td>
<td></td>
<td>12</td>
<td>geoPackTest.EnterPrizeTest@4baf352a</td></tr>
<tr>
<td title='geoPackTest.FreelancerTest.FreelancerAnnually30000NoExtSupport()'><b>FreelancerAnnually30000NoExtSupport</b><br>Test class: geoPackTest.FreelancerTest</td>
<td></td>
<td>13</td>
<td>geoPackTest.FreelancerTest@3f363cf5</td></tr>
<tr>
<td title='geoPackTest.FreelancerTest.FreelancerAnnually30000WithExtSupport()'><b>FreelancerAnnually30000WithExtSupport</b><br>Test class: geoPackTest.FreelancerTest</td>
<td></td>
<td>10</td>
<td>geoPackTest.FreelancerTest@3f363cf5</td></tr>
<tr>
<td title='geoPackTest.FreelancerTest.FreelancerAnnually50000NoExtSupport()'><b>FreelancerAnnually50000NoExtSupport</b><br>Test class: geoPackTest.FreelancerTest</td>
<td></td>
<td>9</td>
<td>geoPackTest.FreelancerTest@3f363cf5</td></tr>
<tr>
<td title='geoPackTest.FreelancerTest.FreelancerAnnually50000WithExtSupport()'><b>FreelancerAnnually50000WithExtSupport</b><br>Test class: geoPackTest.FreelancerTest</td>
<td></td>
<td>11</td>
<td>geoPackTest.FreelancerTest@3f363cf5</td></tr>
<tr>
<td title='geoPackTest.FreelancerTest.FreelancerAnnually5000NoExtSupport()'><b>FreelancerAnnually5000NoExtSupport</b><br>Test class: geoPackTest.FreelancerTest</td>
<td></td>
<td>10</td>
<td>geoPackTest.FreelancerTest@3f363cf5</td></tr>
<tr>
<td title='geoPackTest.FreelancerTest.FreelancerAnnually5000WithExtSupport()'><b>FreelancerAnnually5000WithExtSupport</b><br>Test class: geoPackTest.FreelancerTest</td>
<td></td>
<td>10</td>
<td>geoPackTest.FreelancerTest@3f363cf5</td></tr>
<tr>
<td title='geoPackTest.FreelancerTest.FreelancerAnnually80000NoExtSupport()'><b>FreelancerAnnually80000NoExtSupport</b><br>Test class: geoPackTest.FreelancerTest</td>
<td></td>
<td>10</td>
<td>geoPackTest.FreelancerTest@3f363cf5</td></tr>
<tr>
<td title='geoPackTest.FreelancerTest.FreelancerAnnually80000WithExtSupport()'><b>FreelancerAnnually80000WithExtSupport</b><br>Test class: geoPackTest.FreelancerTest</td>
<td></td>
<td>10</td>
<td>geoPackTest.FreelancerTest@3f363cf5</td></tr>
<tr>
<td title='geoPackTest.FreelancerTest.FreelancerMonthly30000NoExtSupport()'><b>FreelancerMonthly30000NoExtSupport</b><br>Test class: geoPackTest.FreelancerTest</td>
<td></td>
<td>12</td>
<td>geoPackTest.FreelancerTest@3f363cf5</td></tr>
<tr>
<td title='geoPackTest.FreelancerTest.FreelancerMonthly30000WithExtSupport()'><b>FreelancerMonthly30000WithExtSupport</b><br>Test class: geoPackTest.FreelancerTest</td>
<td></td>
<td>10</td>
<td>geoPackTest.FreelancerTest@3f363cf5</td></tr>
<tr>
<td title='geoPackTest.FreelancerTest.FreelancerMonthly50000NoExtSupport()'><b>FreelancerMonthly50000NoExtSupport</b><br>Test class: geoPackTest.FreelancerTest</td>
<td></td>
<td>12</td>
<td>geoPackTest.FreelancerTest@3f363cf5</td></tr>
<tr>
<td title='geoPackTest.FreelancerTest.FreelancerMonthly50000WithExtSupport()'><b>FreelancerMonthly50000WithExtSupport</b><br>Test class: geoPackTest.FreelancerTest</td>
<td></td>
<td>11</td>
<td>geoPackTest.FreelancerTest@3f363cf5</td></tr>
<tr>
<td title='geoPackTest.FreelancerTest.FreelancerMonthly5000NoExtSupport()'><b>FreelancerMonthly5000NoExtSupport</b><br>Test class: geoPackTest.FreelancerTest</td>
<td></td>
<td>10</td>
<td>geoPackTest.FreelancerTest@3f363cf5</td></tr>
<tr>
<td title='geoPackTest.FreelancerTest.FreelancerMonthly5000WithExtSupport()'><b>FreelancerMonthly5000WithExtSupport</b><br>Test class: geoPackTest.FreelancerTest</td>
<td></td>
<td>10</td>
<td>geoPackTest.FreelancerTest@3f363cf5</td></tr>
<tr>
<td title='geoPackTest.FreelancerTest.FreelancerMonthly80000NoExtSupport()'><b>FreelancerMonthly80000NoExtSupport</b><br>Test class: geoPackTest.FreelancerTest</td>
<td></td>
<td>10</td>
<td>geoPackTest.FreelancerTest@3f363cf5</td></tr>
<tr>
<td title='geoPackTest.FreelancerTest.FreelancerMonthly80000WithExtSupport()'><b>FreelancerMonthly80000WithExtSupport</b><br>Test class: geoPackTest.FreelancerTest</td>
<td></td>
<td>10</td>
<td>geoPackTest.FreelancerTest@3f363cf5</td></tr>
</table><p>
</body>
</html>