<?xml version="1.0" encoding="UTF-8"?>
<!-- Generated by org.testng.reporters.JUnitXMLReporter -->
<testsuite ignored="14" hostname="DESKTOP-5KN6EBV" failures="1" tests="1" name="test1" time="46.122" errors="0" timestamp="2020-05-15T18:52:34 IST">
  <testcase classname="GeoPack.EnterPrizeTest" name="EnterprizeAnnually10000SmallestNoExtSupport" time="23.005">
    <failure type="org.openqa.selenium.NoSuchElementException" message="no such element: Unable to locate element: {&amp;quot;method&amp;quot;:&amp;quot;xpath&amp;quot;,&amp;quot;selector&amp;quot;:&amp;quot;//button[@id=&amp;apos;btnCheckout&amp;apos;]&amp;quot;}
  (Session info: chrome=81.0.4044.138)
For documentation on this error, please visit: https://www.seleniumhq.org/exceptions/no_such_element.html
Build info: version: &amp;apos;3.141.59&amp;apos;, revision: &amp;apos;e82be7d358&amp;apos;, time: &amp;apos;2018-11-14T08:17:03&amp;apos;
System info: host: &amp;apos;DESKTOP-5KN6EBV&amp;apos;, ip: &amp;apos;192.168.0.105&amp;apos;, os.name: &amp;apos;Windows 10&amp;apos;, os.arch: &amp;apos;amd64&amp;apos;, os.version: &amp;apos;10.0&amp;apos;, java.version: &amp;apos;11.0.4&amp;apos;
Driver info: org.openqa.selenium.chrome.ChromeDriver
Capabilities {acceptInsecureCerts: false, browserName: chrome, browserVersion: 81.0.4044.138, chrome: {chromedriverVersion: 80.0.3987.106 (f68069574609..., userDataDir: C:\Users\cc\AppData\Local\T...}, goog:chromeOptions: {debuggerAddress: localhost:65519}, javascriptEnabled: true, networkConnectionEnabled: false, pageLoadStrategy: normal, platform: WINDOWS, platformName: WINDOWS, proxy: Proxy(), setWindowRect: true, strictFileInteractability: false, timeouts: {implicit: 0, pageLoad: 300000, script: 30000}, unhandledPromptBehavior: dismiss and notify}
Session ID: c53fb2138310538fe14c39bf2024fe04
*** Element info: {Using=xpath, value=//button[@id=&amp;apos;btnCheckout&amp;apos;]}">
      <![CDATA[org.openqa.selenium.NoSuchElementException: no such element: Unable to locate element: {"method":"xpath","selector":"//button[@id='btnCheckout']"}
  (Session info: chrome=81.0.4044.138)
For documentation on this error, please visit: https://www.seleniumhq.org/exceptions/no_such_element.html
Build info: version: '3.141.59', revision: 'e82be7d358', time: '2018-11-14T08:17:03'
System info: host: 'DESKTOP-5KN6EBV', ip: '192.168.0.105', os.name: 'Windows 10', os.arch: 'amd64', os.version: '10.0', java.version: '11.0.4'
Driver info: org.openqa.selenium.chrome.ChromeDriver
Capabilities {acceptInsecureCerts: false, browserName: chrome, browserVersion: 81.0.4044.138, chrome: {chromedriverVersion: 80.0.3987.106 (f68069574609..., userDataDir: C:\Users\cc\AppData\Local\T...}, goog:chromeOptions: {debuggerAddress: localhost:65519}, javascriptEnabled: true, networkConnectionEnabled: false, pageLoadStrategy: normal, platform: WINDOWS, platformName: WINDOWS, proxy: Proxy(), setWindowRect: true, strictFileInteractability: false, timeouts: {implicit: 0, pageLoad: 300000, script: 30000}, unhandledPromptBehavior: dismiss and notify}
Session ID: c53fb2138310538fe14c39bf2024fe04
*** Element info: {Using=xpath, value=//button[@id='btnCheckout']}
at org.openqa.selenium.remote.http.W3CHttpResponseCodec.createException(W3CHttpResponseCodec.java:187)
at org.openqa.selenium.remote.http.W3CHttpResponseCodec.decode(W3CHttpResponseCodec.java:122)
at org.openqa.selenium.remote.http.W3CHttpResponseCodec.decode(W3CHttpResponseCodec.java:49)
at org.openqa.selenium.remote.HttpCommandExecutor.execute(HttpCommandExecutor.java:158)
at org.openqa.selenium.remote.service.DriverCommandExecutor.execute(DriverCommandExecutor.java:83)
at org.openqa.selenium.remote.RemoteWebDriver.execute(RemoteWebDriver.java:552)
at org.openqa.selenium.remote.RemoteWebDriver.findElement(RemoteWebDriver.java:323)
at org.openqa.selenium.remote.RemoteWebDriver.findElementByXPath(RemoteWebDriver.java:428)
at org.openqa.selenium.By$ByXPath.findElement(By.java:353)
at org.openqa.selenium.remote.RemoteWebDriver.findElement(RemoteWebDriver.java:315)
at GeoPackPages.CartPage.clickCheckoutButton(CartPage.java:34)
at GeoPackPages.UtilityFunctions.checkoutProcessWithoutExtSupportEnterPrize(UtilityFunctions.java:65)
at GeoPack.EnterPrizeTest.EnterprizeAnnually10000SmallestNoExtSupport(EnterPrizeTest.java:51)
at java.base/java.util.ArrayList.forEach(ArrayList.java:1540)
at java.base/java.util.concurrent.FutureTask.run(FutureTask.java:264)
at java.base/java.util.concurrent.ThreadPoolExecutor.runWorker(ThreadPoolExecutor.java:1128)
at java.base/java.util.concurrent.ThreadPoolExecutor$Worker.run(ThreadPoolExecutor.java:628)
at java.base/java.lang.Thread.run(Thread.java:834)
... Removed 22 stack frames]]>
    </failure>
  </testcase> <!-- EnterprizeAnnually10000SmallestNoExtSupport -->
  <testcase classname="GeoPack.EnterPrizeTest" name="EnterprizeMonthly500000WithExtSupport" time="0.0">
    <ignored/>
  </testcase> <!-- EnterprizeMonthly500000WithExtSupport -->
  <testcase classname="GeoPack.EnterPrizeTest" name="EnterprizeAnnually250000WithExtSupport" time="0.0">
    <ignored/>
  </testcase> <!-- EnterprizeAnnually250000WithExtSupport -->
  <testcase classname="GeoPack.EnterPrizeTest" name="EnterprizeMonthly500000NoExtSupport" time="0.0">
    <ignored/>
  </testcase> <!-- EnterprizeMonthly500000NoExtSupport -->
  <testcase classname="GeoPack.EnterPrizeTest" name="EnterprizeMonthly10000SmallestNA" time="0.0">
    <ignored/>
  </testcase> <!-- EnterprizeMonthly10000SmallestNA -->
  <testcase classname="GeoPack.EnterPrizeTest" name="EnterprizeAnnually250000NoExtSupport" time="0.0">
    <ignored/>
  </testcase> <!-- EnterprizeAnnually250000NoExtSupport -->
  <testcase classname="GeoPack.EnterPrizeTest" name="EnterprizeAnnually1000000NoExtSupport" time="0.0">
    <ignored/>
  </testcase> <!-- EnterprizeAnnually1000000NoExtSupport -->
  <testcase classname="GeoPack.EnterPrizeTest" name="EnterprizeAnnually10000SmallestWithExtSupport" time="0.0">
    <ignored/>
  </testcase> <!-- EnterprizeAnnually10000SmallestWithExtSupport -->
  <testcase classname="GeoPack.EnterPrizeTest" name="EnterprizeAnnually1000000WithExtSupport" time="0.0">
    <ignored/>
  </testcase> <!-- EnterprizeAnnually1000000WithExtSupport -->
  <testcase classname="GeoPack.EnterPrizeTest" name="EnterprizeMonthly1000000NoExtSupport" time="0.0">
    <ignored/>
  </testcase> <!-- EnterprizeMonthly1000000NoExtSupport -->
  <testcase classname="GeoPack.EnterPrizeTest" name="EnterprizeAnnually500000NoExtSupport" time="0.0">
    <ignored/>
  </testcase> <!-- EnterprizeAnnually500000NoExtSupport -->
  <testcase classname="GeoPack.EnterPrizeTest" name="EnterprizeMonthly1000000WithExtSupport" time="0.0">
    <ignored/>
  </testcase> <!-- EnterprizeMonthly1000000WithExtSupport -->
  <testcase classname="GeoPack.EnterPrizeTest" name="EnterprizeAnnually500000WithExtSupport" time="0.0">
    <ignored/>
  </testcase> <!-- EnterprizeAnnually500000WithExtSupport -->
  <testcase classname="GeoPack.EnterPrizeTest" name="EnterprizeMonthly250000NoExtSupport" time="0.0">
    <ignored/>
  </testcase> <!-- EnterprizeMonthly250000NoExtSupport -->
  <testcase classname="GeoPack.EnterPrizeTest" name="EnterprizeMonthly250000WithExtSupport" time="0.0">
    <ignored/>
  </testcase> <!-- EnterprizeMonthly250000WithExtSupport -->
</testsuite> <!-- test1 -->
