<?xml version="1.0" encoding="UTF-8"?>
<!-- Generated by org.testng.reporters.JUnitXMLReporter -->
<testsuite ignored="0" hostname="DESKTOP-5KN6EBV" failures="4" tests="67" name="TestChrome" time="1626.398" errors="0" timestamp="2020-05-31T17:46:55 IST">
  <testcase classname="geoPackTest.FreelancerTest" name="FreelancerMonthly5000NoExtSupport" time="10.308"/>
  <testcase classname="geoPackTest.FreelancerTest" name="FreelancerMonthly5000WithExtSupport" time="10.407"/>
  <testcase classname="geoPackTest.FreelancerTest" name="FreelancerAnnually5000NoExtSupport" time="10.732"/>
  <testcase classname="geoPackTest.FreelancerTest" name="FreelancerAnnually5000WithExtSupport" time="10.269"/>
  <testcase classname="geoPackTest.FreelancerTest" name="FreelancerMonthly30000NoExtSupport" time="12.604"/>
  <testcase classname="geoPackTest.FreelancerTest" name="FreelancerMonthly30000WithExtSupport" time="10.127"/>
  <testcase classname="geoPackTest.FreelancerTest" name="FreelancerAnnually30000NoExtSupport" time="13.014"/>
  <testcase classname="geoPackTest.FreelancerTest" name="FreelancerAnnually30000WithExtSupport" time="10.204"/>
  <testcase classname="geoPackTest.FreelancerTest" name="FreelancerMonthly50000NoExtSupport" time="12.068"/>
  <testcase classname="geoPackTest.FreelancerTest" name="FreelancerMonthly50000WithExtSupport" time="11.157"/>
  <testcase classname="geoPackTest.FreelancerTest" name="FreelancerAnnually50000NoExtSupport" time="9.953"/>
  <testcase classname="geoPackTest.FreelancerTest" name="FreelancerAnnually50000WithExtSupport" time="11.164"/>
  <testcase classname="geoPackTest.FreelancerTest" name="FreelancerMonthly80000NoExtSupport" time="10.429"/>
  <testcase classname="geoPackTest.FreelancerTest" name="FreelancerMonthly80000WithExtSupport" time="10.042"/>
  <testcase classname="geoPackTest.FreelancerTest" name="FreelancerAnnually80000NoExtSupport" time="10.355"/>
  <testcase classname="geoPackTest.FreelancerTest" name="FreelancerAnnually80000WithExtSupport" time="10.823"/>
  <testcase classname="geoPackTest.AgencyTest" name="AgencyMonthly10000SmallestNoExtSupport" time="11.662"/>
  <testcase classname="geoPackTest.AgencyTest" name="AgencyMonthly10000SmallestWithExtSupport" time="10.598"/>
  <testcase classname="geoPackTest.AgencyTest" name="AgencyAnnually10000NoExtSupport" time="27.356">
    <failure type="org.openqa.selenium.NoSuchElementException" message="no such element: Unable to locate element: {&amp;quot;method&amp;quot;:&amp;quot;xpath&amp;quot;,&amp;quot;selector&amp;quot;:&amp;quot;//select[contains(@id,&amp;apos;NoOfLicense&amp;apos;)]&amp;quot;}
  (Session info: chrome=83.0.4103.61)
For documentation on this error, please visit: https://www.seleniumhq.org/exceptions/no_such_element.html
Build info: version: &amp;apos;3.141.59&amp;apos;, revision: &amp;apos;e82be7d358&amp;apos;, time: &amp;apos;2018-11-14T08:17:03&amp;apos;
System info: host: &amp;apos;DESKTOP-5KN6EBV&amp;apos;, ip: &amp;apos;192.168.0.102&amp;apos;, os.name: &amp;apos;Windows 10&amp;apos;, os.arch: &amp;apos;amd64&amp;apos;, os.version: &amp;apos;10.0&amp;apos;, java.version: &amp;apos;11.0.4&amp;apos;
Driver info: org.openqa.selenium.chrome.ChromeDriver
Capabilities {acceptInsecureCerts: false, browserName: chrome, browserVersion: 83.0.4103.61, chrome: {chromedriverVersion: 83.0.4103.39 (ccbf011cb2d2b..., userDataDir: C:\Users\cc\AppData\Local\T...}, goog:chromeOptions: {debuggerAddress: localhost:52295}, javascriptEnabled: true, networkConnectionEnabled: false, pageLoadStrategy: normal, platform: WINDOWS, platformName: WINDOWS, proxy: Proxy(), setWindowRect: true, strictFileInteractability: false, timeouts: {implicit: 0, pageLoad: 300000, script: 30000}, unhandledPromptBehavior: dismiss and notify, webauthn:virtualAuthenticators: true}
Session ID: 279c770553461e3b6eec14fe66ef76a4
*** Element info: {Using=xpath, value=//select[contains(@id,&amp;apos;NoOfLicense&amp;apos;)]}">
      <![CDATA[org.openqa.selenium.NoSuchElementException: no such element: Unable to locate element: {"method":"xpath","selector":"//select[contains(@id,'NoOfLicense')]"}
  (Session info: chrome=83.0.4103.61)
For documentation on this error, please visit: https://www.seleniumhq.org/exceptions/no_such_element.html
Build info: version: '3.141.59', revision: 'e82be7d358', time: '2018-11-14T08:17:03'
System info: host: 'DESKTOP-5KN6EBV', ip: '192.168.0.102', os.name: 'Windows 10', os.arch: 'amd64', os.version: '10.0', java.version: '11.0.4'
Driver info: org.openqa.selenium.chrome.ChromeDriver
Capabilities {acceptInsecureCerts: false, browserName: chrome, browserVersion: 83.0.4103.61, chrome: {chromedriverVersion: 83.0.4103.39 (ccbf011cb2d2b..., userDataDir: C:\Users\cc\AppData\Local\T...}, goog:chromeOptions: {debuggerAddress: localhost:52295}, javascriptEnabled: true, networkConnectionEnabled: false, pageLoadStrategy: normal, platform: WINDOWS, platformName: WINDOWS, proxy: Proxy(), setWindowRect: true, strictFileInteractability: false, timeouts: {implicit: 0, pageLoad: 300000, script: 30000}, unhandledPromptBehavior: dismiss and notify, webauthn:virtualAuthenticators: true}
Session ID: 279c770553461e3b6eec14fe66ef76a4
*** Element info: {Using=xpath, value=//select[contains(@id,'NoOfLicense')]}
at org.openqa.selenium.remote.http.W3CHttpResponseCodec.createException(W3CHttpResponseCodec.java:187)
at org.openqa.selenium.remote.http.W3CHttpResponseCodec.decode(W3CHttpResponseCodec.java:122)
at org.openqa.selenium.remote.http.W3CHttpResponseCodec.decode(W3CHttpResponseCodec.java:49)
at org.openqa.selenium.remote.HttpCommandExecutor.execute(HttpCommandExecutor.java:158)
at org.openqa.selenium.remote.service.DriverCommandExecutor.execute(DriverCommandExecutor.java:83)
at org.openqa.selenium.remote.RemoteWebDriver.execute(RemoteWebDriver.java:552)
at org.openqa.selenium.remote.RemoteWebDriver.findElement(RemoteWebDriver.java:323)
at org.openqa.selenium.remote.RemoteWebDriver.findElementByXPath(RemoteWebDriver.java:428)
at org.openqa.selenium.By$ByXPath.findElement(By.java:353)
at org.openqa.selenium.remote.RemoteWebDriver.findElement(RemoteWebDriver.java:315)
at geoPackPages.CartPage.addAdditionalLicense(CartPage.java:49)
at geoPackPages.UtilityFunctions.checkoutProcessWithoutExtSupportAgency(UtilityFunctions.java:59)
at geoPackTest.AgencyTest.AgencyAnnually10000NoExtSupport(AgencyTest.java:67)
at java.base/java.util.ArrayList.forEach(ArrayList.java:1540)
... Removed 31 stack frames]]>
    </failure>
  </testcase> <!-- AgencyAnnually10000NoExtSupport -->
  <testcase classname="geoPackTest.AgencyTest" name="AgencyAnnually10000WithExtSupport" time="27.12">
    <failure type="org.openqa.selenium.NoSuchElementException" message="no such element: Unable to locate element: {&amp;quot;method&amp;quot;:&amp;quot;xpath&amp;quot;,&amp;quot;selector&amp;quot;:&amp;quot;//select[@id=&amp;apos;ddlSupportType&amp;apos;]&amp;quot;}
  (Session info: chrome=83.0.4103.61)
For documentation on this error, please visit: https://www.seleniumhq.org/exceptions/no_such_element.html
Build info: version: &amp;apos;3.141.59&amp;apos;, revision: &amp;apos;e82be7d358&amp;apos;, time: &amp;apos;2018-11-14T08:17:03&amp;apos;
System info: host: &amp;apos;DESKTOP-5KN6EBV&amp;apos;, ip: &amp;apos;192.168.0.102&amp;apos;, os.name: &amp;apos;Windows 10&amp;apos;, os.arch: &amp;apos;amd64&amp;apos;, os.version: &amp;apos;10.0&amp;apos;, java.version: &amp;apos;11.0.4&amp;apos;
Driver info: org.openqa.selenium.chrome.ChromeDriver
Capabilities {acceptInsecureCerts: false, browserName: chrome, browserVersion: 83.0.4103.61, chrome: {chromedriverVersion: 83.0.4103.39 (ccbf011cb2d2b..., userDataDir: C:\Users\cc\AppData\Local\T...}, goog:chromeOptions: {debuggerAddress: localhost:52316}, javascriptEnabled: true, networkConnectionEnabled: false, pageLoadStrategy: normal, platform: WINDOWS, platformName: WINDOWS, proxy: Proxy(), setWindowRect: true, strictFileInteractability: false, timeouts: {implicit: 0, pageLoad: 300000, script: 30000}, unhandledPromptBehavior: dismiss and notify, webauthn:virtualAuthenticators: true}
Session ID: 98024e3936a1f2da33134570b14861cb
*** Element info: {Using=xpath, value=//select[@id=&amp;apos;ddlSupportType&amp;apos;]}">
      <![CDATA[org.openqa.selenium.NoSuchElementException: no such element: Unable to locate element: {"method":"xpath","selector":"//select[@id='ddlSupportType']"}
  (Session info: chrome=83.0.4103.61)
For documentation on this error, please visit: https://www.seleniumhq.org/exceptions/no_such_element.html
Build info: version: '3.141.59', revision: 'e82be7d358', time: '2018-11-14T08:17:03'
System info: host: 'DESKTOP-5KN6EBV', ip: '192.168.0.102', os.name: 'Windows 10', os.arch: 'amd64', os.version: '10.0', java.version: '11.0.4'
Driver info: org.openqa.selenium.chrome.ChromeDriver
Capabilities {acceptInsecureCerts: false, browserName: chrome, browserVersion: 83.0.4103.61, chrome: {chromedriverVersion: 83.0.4103.39 (ccbf011cb2d2b..., userDataDir: C:\Users\cc\AppData\Local\T...}, goog:chromeOptions: {debuggerAddress: localhost:52316}, javascriptEnabled: true, networkConnectionEnabled: false, pageLoadStrategy: normal, platform: WINDOWS, platformName: WINDOWS, proxy: Proxy(), setWindowRect: true, strictFileInteractability: false, timeouts: {implicit: 0, pageLoad: 300000, script: 30000}, unhandledPromptBehavior: dismiss and notify, webauthn:virtualAuthenticators: true}
Session ID: 98024e3936a1f2da33134570b14861cb
*** Element info: {Using=xpath, value=//select[@id='ddlSupportType']}
at org.openqa.selenium.remote.http.W3CHttpResponseCodec.createException(W3CHttpResponseCodec.java:187)
at org.openqa.selenium.remote.http.W3CHttpResponseCodec.decode(W3CHttpResponseCodec.java:122)
at org.openqa.selenium.remote.http.W3CHttpResponseCodec.decode(W3CHttpResponseCodec.java:49)
at org.openqa.selenium.remote.HttpCommandExecutor.execute(HttpCommandExecutor.java:158)
at org.openqa.selenium.remote.service.DriverCommandExecutor.execute(DriverCommandExecutor.java:83)
at org.openqa.selenium.remote.RemoteWebDriver.execute(RemoteWebDriver.java:552)
at org.openqa.selenium.remote.RemoteWebDriver.findElement(RemoteWebDriver.java:323)
at org.openqa.selenium.remote.RemoteWebDriver.findElementByXPath(RemoteWebDriver.java:428)
at org.openqa.selenium.By$ByXPath.findElement(By.java:353)
at org.openqa.selenium.remote.RemoteWebDriver.findElement(RemoteWebDriver.java:315)
at geoPackPages.CartPage.supportDropDown(CartPage.java:62)
at geoPackPages.UtilityFunctions.checkoutProcessWithExtSupportAgency(UtilityFunctions.java:73)
at geoPackTest.AgencyTest.AgencyAnnually10000WithExtSupport(AgencyTest.java:74)
at java.base/java.util.ArrayList.forEach(ArrayList.java:1540)
... Removed 31 stack frames]]>
    </failure>
  </testcase> <!-- AgencyAnnually10000WithExtSupport -->
  <testcase classname="geoPackTest.AgencyTest" name="AgencyMonthly20000NoExtSupport" time="14.613"/>
  <testcase classname="geoPackTest.AgencyTest" name="AgencyMonthly20000WithExtSupport" time="15.583"/>
  <testcase classname="geoPackTest.AgencyTest" name="AgencyAnnually20000NoExtSupport" time="11.847"/>
  <testcase classname="geoPackTest.AgencyTest" name="AgencyAnnually20000WithExtSupport" time="12.147"/>
  <testcase classname="geoPackTest.AgencyTest" name="AgencyMonthly80000NoExtSupport" time="16.341"/>
  <testcase classname="geoPackTest.AgencyTest" name="AgencyMonthly80000WithExtSupport" time="14.125"/>
  <testcase classname="geoPackTest.AgencyTest" name="AgencyAnnually80000NoExtSupport" time="12.555"/>
  <testcase classname="geoPackTest.AgencyTest" name="AgencyAnnually80000WithExtSupport" time="12.775"/>
  <testcase classname="geoPackTest.AgencyTest" name="AgencyMonthly160000NoExtSupport" time="11.747"/>
  <testcase classname="geoPackTest.AgencyTest" name="AgencyMonthly160000WithExtSupport" time="12.315"/>
  <testcase classname="geoPackTest.AgencyTest" name="AgencyAnnually160000NoExtSupport" time="11.89"/>
  <testcase classname="geoPackTest.AgencyTest" name="AgencyAnnually160000WithExtSupport" time="18.029"/>
  <testcase classname="geoPackTest.AgencyTest" name="AgencyMonthly240000NoExtSupport" time="12.103"/>
  <testcase classname="geoPackTest.AgencyTest" name="AgencyMonthly240000WithExtSupport" time="12.229"/>
  <testcase classname="geoPackTest.AgencyTest" name="AgencyAnnually240000NoExtSupport" time="11.919"/>
  <testcase classname="geoPackTest.AgencyTest" name="AgencyAnnually240000WithExtSupport" time="12.099"/>
  <testcase classname="geoPackTest.AgencyTest" name="AgencyMonthly350000NoExtSupport" time="12.661"/>
  <testcase classname="geoPackTest.AgencyTest" name="AgencyMonthly350000WithExtSupport" time="12.472"/>
  <testcase classname="geoPackTest.AgencyTest" name="AgencyAnnually350000NoExtSupport" time="11.718"/>
  <testcase classname="geoPackTest.AgencyTest" name="AgencyAnnually350000WithExtSupport" time="11.729"/>
  <testcase classname="geoPackTest.AgencyTest" name="AgencyMonthly500000NoExtSupport" time="11.39"/>
  <testcase classname="geoPackTest.AgencyTest" name="AgencyMonthly500000WithExtSupport" time="12.005"/>
  <testcase classname="geoPackTest.AgencyTest" name="AgencyAnnually500000NoExtSupport" time="11.372"/>
  <testcase classname="geoPackTest.AgencyTest" name="AgencyAnnually500000WithExtSupport" time="12.012"/>
  <testcase classname="geoPackTest.AgencyTest" name="AgencyMonthly750000NoExtSupport" time="11.949"/>
  <testcase classname="geoPackTest.AgencyTest" name="AgencyMonthly750000WithExtSupport" time="11.355"/>
  <testcase classname="geoPackTest.AgencyTest" name="AgencyAnnually750000NoExtSupport" time="12.021"/>
  <testcase classname="geoPackTest.AgencyTest" name="AgencyAnnually750000WithExtSupport" time="12.255"/>
  <testcase classname="geoPackTest.AgencyTest" name="AgencyMonthly1000000NoExtSupport" time="12.136"/>
  <testcase classname="geoPackTest.AgencyTest" name="AgencyMonthly1000000WithExtSupport" time="11.61"/>
  <testcase classname="geoPackTest.AgencyTest" name="AgencyAnnually1000000NoExtSupport" time="11.441"/>
  <testcase classname="geoPackTest.AgencyTest" name="AgencyAnnually1000000WithExtSupport" time="11.515"/>
  <testcase classname="geoPackTest.EnterPrizeTest" name="EnterprizeMonthly10000SmallestNA" time="7.348"/>
  <testcase classname="geoPackTest.EnterPrizeTest" name="EnterprizeAnnually10000SmallestNoExtSupport" time="28.13">
    <failure type="org.openqa.selenium.NoSuchElementException" message="no such element: Unable to locate element: {&amp;quot;method&amp;quot;:&amp;quot;xpath&amp;quot;,&amp;quot;selector&amp;quot;:&amp;quot;//button[@id=&amp;apos;btnCheckout&amp;apos;]&amp;quot;}
  (Session info: chrome=83.0.4103.61)
For documentation on this error, please visit: https://www.seleniumhq.org/exceptions/no_such_element.html
Build info: version: &amp;apos;3.141.59&amp;apos;, revision: &amp;apos;e82be7d358&amp;apos;, time: &amp;apos;2018-11-14T08:17:03&amp;apos;
System info: host: &amp;apos;DESKTOP-5KN6EBV&amp;apos;, ip: &amp;apos;192.168.0.102&amp;apos;, os.name: &amp;apos;Windows 10&amp;apos;, os.arch: &amp;apos;amd64&amp;apos;, os.version: &amp;apos;10.0&amp;apos;, java.version: &amp;apos;11.0.4&amp;apos;
Driver info: org.openqa.selenium.chrome.ChromeDriver
Capabilities {acceptInsecureCerts: false, browserName: chrome, browserVersion: 83.0.4103.61, chrome: {chromedriverVersion: 83.0.4103.39 (ccbf011cb2d2b..., userDataDir: C:\Users\cc\AppData\Local\T...}, goog:chromeOptions: {debuggerAddress: localhost:53039}, javascriptEnabled: true, networkConnectionEnabled: false, pageLoadStrategy: normal, platform: WINDOWS, platformName: WINDOWS, proxy: Proxy(), setWindowRect: true, strictFileInteractability: false, timeouts: {implicit: 0, pageLoad: 300000, script: 30000}, unhandledPromptBehavior: dismiss and notify, webauthn:virtualAuthenticators: true}
Session ID: 0d1ee3d62eb4efbef003853e7ed0910c
*** Element info: {Using=xpath, value=//button[@id=&amp;apos;btnCheckout&amp;apos;]}">
      <![CDATA[org.openqa.selenium.NoSuchElementException: no such element: Unable to locate element: {"method":"xpath","selector":"//button[@id='btnCheckout']"}
  (Session info: chrome=83.0.4103.61)
For documentation on this error, please visit: https://www.seleniumhq.org/exceptions/no_such_element.html
Build info: version: '3.141.59', revision: 'e82be7d358', time: '2018-11-14T08:17:03'
System info: host: 'DESKTOP-5KN6EBV', ip: '192.168.0.102', os.name: 'Windows 10', os.arch: 'amd64', os.version: '10.0', java.version: '11.0.4'
Driver info: org.openqa.selenium.chrome.ChromeDriver
Capabilities {acceptInsecureCerts: false, browserName: chrome, browserVersion: 83.0.4103.61, chrome: {chromedriverVersion: 83.0.4103.39 (ccbf011cb2d2b..., userDataDir: C:\Users\cc\AppData\Local\T...}, goog:chromeOptions: {debuggerAddress: localhost:53039}, javascriptEnabled: true, networkConnectionEnabled: false, pageLoadStrategy: normal, platform: WINDOWS, platformName: WINDOWS, proxy: Proxy(), setWindowRect: true, strictFileInteractability: false, timeouts: {implicit: 0, pageLoad: 300000, script: 30000}, unhandledPromptBehavior: dismiss and notify, webauthn:virtualAuthenticators: true}
Session ID: 0d1ee3d62eb4efbef003853e7ed0910c
*** Element info: {Using=xpath, value=//button[@id='btnCheckout']}
at org.openqa.selenium.remote.http.W3CHttpResponseCodec.createException(W3CHttpResponseCodec.java:187)
at org.openqa.selenium.remote.http.W3CHttpResponseCodec.decode(W3CHttpResponseCodec.java:122)
at org.openqa.selenium.remote.http.W3CHttpResponseCodec.decode(W3CHttpResponseCodec.java:49)
at org.openqa.selenium.remote.HttpCommandExecutor.execute(HttpCommandExecutor.java:158)
at org.openqa.selenium.remote.service.DriverCommandExecutor.execute(DriverCommandExecutor.java:83)
at org.openqa.selenium.remote.RemoteWebDriver.execute(RemoteWebDriver.java:552)
at org.openqa.selenium.remote.RemoteWebDriver.findElement(RemoteWebDriver.java:323)
at org.openqa.selenium.remote.RemoteWebDriver.findElementByXPath(RemoteWebDriver.java:428)
at org.openqa.selenium.By$ByXPath.findElement(By.java:353)
at org.openqa.selenium.remote.RemoteWebDriver.findElement(RemoteWebDriver.java:315)
at geoPackPages.CartPage.clickCheckoutButton(CartPage.java:40)
at geoPackPages.UtilityFunctions.checkoutProcessWithoutExtSupportEnterPrize(UtilityFunctions.java:81)
at geoPackTest.EnterPrizeTest.EnterprizeAnnually10000SmallestNoExtSupport(EnterPrizeTest.java:51)
at java.base/java.util.ArrayList.forEach(ArrayList.java:1540)
... Removed 31 stack frames]]>
    </failure>
  </testcase> <!-- EnterprizeAnnually10000SmallestNoExtSupport -->
  <testcase classname="geoPackTest.EnterPrizeTest" name="EnterprizeAnnually10000SmallestWithExtSupport" time="28.323">
    <failure type="org.openqa.selenium.NoSuchElementException" message="no such element: Unable to locate element: {&amp;quot;method&amp;quot;:&amp;quot;xpath&amp;quot;,&amp;quot;selector&amp;quot;:&amp;quot;//select[@id=&amp;apos;ddlSupportType&amp;apos;]&amp;quot;}
  (Session info: chrome=83.0.4103.61)
For documentation on this error, please visit: https://www.seleniumhq.org/exceptions/no_such_element.html
Build info: version: &amp;apos;3.141.59&amp;apos;, revision: &amp;apos;e82be7d358&amp;apos;, time: &amp;apos;2018-11-14T08:17:03&amp;apos;
System info: host: &amp;apos;DESKTOP-5KN6EBV&amp;apos;, ip: &amp;apos;192.168.0.102&amp;apos;, os.name: &amp;apos;Windows 10&amp;apos;, os.arch: &amp;apos;amd64&amp;apos;, os.version: &amp;apos;10.0&amp;apos;, java.version: &amp;apos;11.0.4&amp;apos;
Driver info: org.openqa.selenium.chrome.ChromeDriver
Capabilities {acceptInsecureCerts: false, browserName: chrome, browserVersion: 83.0.4103.61, chrome: {chromedriverVersion: 83.0.4103.39 (ccbf011cb2d2b..., userDataDir: C:\Users\cc\AppData\Local\T...}, goog:chromeOptions: {debuggerAddress: localhost:53060}, javascriptEnabled: true, networkConnectionEnabled: false, pageLoadStrategy: normal, platform: WINDOWS, platformName: WINDOWS, proxy: Proxy(), setWindowRect: true, strictFileInteractability: false, timeouts: {implicit: 0, pageLoad: 300000, script: 30000}, unhandledPromptBehavior: dismiss and notify, webauthn:virtualAuthenticators: true}
Session ID: c0f1be51c78665a823ecca4fe7f66ac7
*** Element info: {Using=xpath, value=//select[@id=&amp;apos;ddlSupportType&amp;apos;]}">
      <![CDATA[org.openqa.selenium.NoSuchElementException: no such element: Unable to locate element: {"method":"xpath","selector":"//select[@id='ddlSupportType']"}
  (Session info: chrome=83.0.4103.61)
For documentation on this error, please visit: https://www.seleniumhq.org/exceptions/no_such_element.html
Build info: version: '3.141.59', revision: 'e82be7d358', time: '2018-11-14T08:17:03'
System info: host: 'DESKTOP-5KN6EBV', ip: '192.168.0.102', os.name: 'Windows 10', os.arch: 'amd64', os.version: '10.0', java.version: '11.0.4'
Driver info: org.openqa.selenium.chrome.ChromeDriver
Capabilities {acceptInsecureCerts: false, browserName: chrome, browserVersion: 83.0.4103.61, chrome: {chromedriverVersion: 83.0.4103.39 (ccbf011cb2d2b..., userDataDir: C:\Users\cc\AppData\Local\T...}, goog:chromeOptions: {debuggerAddress: localhost:53060}, javascriptEnabled: true, networkConnectionEnabled: false, pageLoadStrategy: normal, platform: WINDOWS, platformName: WINDOWS, proxy: Proxy(), setWindowRect: true, strictFileInteractability: false, timeouts: {implicit: 0, pageLoad: 300000, script: 30000}, unhandledPromptBehavior: dismiss and notify, webauthn:virtualAuthenticators: true}
Session ID: c0f1be51c78665a823ecca4fe7f66ac7
*** Element info: {Using=xpath, value=//select[@id='ddlSupportType']}
at org.openqa.selenium.remote.http.W3CHttpResponseCodec.createException(W3CHttpResponseCodec.java:187)
at org.openqa.selenium.remote.http.W3CHttpResponseCodec.decode(W3CHttpResponseCodec.java:122)
at org.openqa.selenium.remote.http.W3CHttpResponseCodec.decode(W3CHttpResponseCodec.java:49)
at org.openqa.selenium.remote.HttpCommandExecutor.execute(HttpCommandExecutor.java:158)
at org.openqa.selenium.remote.service.DriverCommandExecutor.execute(DriverCommandExecutor.java:83)
at org.openqa.selenium.remote.RemoteWebDriver.execute(RemoteWebDriver.java:552)
at org.openqa.selenium.remote.RemoteWebDriver.findElement(RemoteWebDriver.java:323)
at org.openqa.selenium.remote.RemoteWebDriver.findElementByXPath(RemoteWebDriver.java:428)
at org.openqa.selenium.By$ByXPath.findElement(By.java:353)
at org.openqa.selenium.remote.RemoteWebDriver.findElement(RemoteWebDriver.java:315)
at geoPackPages.CartPage.supportDropDown(CartPage.java:62)
at geoPackPages.UtilityFunctions.checkoutProcessWithExtSupportEnterPrize(UtilityFunctions.java:94)
at geoPackTest.EnterPrizeTest.EnterprizeAnnually10000SmallestWithExtSupport(EnterPrizeTest.java:57)
at java.base/java.util.ArrayList.forEach(ArrayList.java:1540)
... Removed 31 stack frames]]>
    </failure>
  </testcase> <!-- EnterprizeAnnually10000SmallestWithExtSupport -->
  <testcase classname="geoPackTest.EnterPrizeTest" name="EnterprizeMonthly250000NoExtSupport" time="13.804"/>
  <testcase classname="geoPackTest.EnterPrizeTest" name="EnterprizeMonthly250000WithExtSupport" time="12.156"/>
  <testcase classname="geoPackTest.EnterPrizeTest" name="EnterprizeAnnually250000NoExtSupport" time="11.508"/>
  <testcase classname="geoPackTest.EnterPrizeTest" name="EnterprizeAnnually250000WithExtSupport" time="12.131"/>
  <testcase classname="geoPackTest.EnterPrizeTest" name="EnterprizeMonthly500000NoExtSupport" time="11.719"/>
  <testcase classname="geoPackTest.EnterPrizeTest" name="EnterprizeMonthly500000WithExtSupport" time="12.387"/>
  <testcase classname="geoPackTest.EnterPrizeTest" name="EnterprizeAnnually500000NoExtSupport" time="11.637"/>
  <testcase classname="geoPackTest.EnterPrizeTest" name="EnterprizeAnnually500000WithExtSupport" time="13.626"/>
  <testcase classname="geoPackTest.EnterPrizeTest" name="EnterprizeMonthly1000000NoExtSupport" time="11.365"/>
  <testcase classname="geoPackTest.EnterPrizeTest" name="EnterprizeMonthly1000000WithExtSupport" time="12.125"/>
  <testcase classname="geoPackTest.EnterPrizeTest" name="EnterprizeAnnually1000000NoExtSupport" time="12.585"/>
  <testcase classname="geoPackTest.EnterPrizeTest" name="EnterprizeAnnually1000000WithExtSupport" time="11.909"/>
</testsuite> <!-- TestChrome -->
