<?xml version="1.0" encoding="UTF-8"?>
<testng-results ignored="2" total="7" passed="4" failed="1" skipped="0">
  <reporter-output>
  </reporter-output>
  <suite started-at="2020-04-02T20:16:06 IST" name="Suite" finished-at="2020-04-02T20:16:12 IST" duration-ms="6767">
    <groups>
    </groups>
    <test started-at="2020-04-02T20:16:06 IST" name="Test" finished-at="2020-04-02T20:16:12 IST" duration-ms="6767">
      <class name="GeoPack.ProductTest">
        <test-method signature="GetPlans()[pri:0, instance:GeoPack.ProductTest@87a85e1]" started-at="2020-04-02T20:16:06 IST" name="GetPlans" finished-at="2020-04-02T20:16:12 IST" duration-ms="6007" status="PASS">
          <reporter-output>
          </reporter-output>
        </test-method> <!-- GetPlans -->
        <test-method signature="selectPlan()[pri:0, instance:GeoPack.ProductTest@87a85e1]" started-at="2020-04-02T20:16:12 IST" name="selectPlan" finished-at="2020-04-02T20:16:12 IST" duration-ms="72" status="FAIL">
          <exception class="java.lang.AssertionError">
            <message>
              <![CDATA[expected [5000] but found [5,000]]]>
            </message>
            <full-stacktrace>
              <![CDATA[java.lang.AssertionError: expected [5000] but found [5,000]
at org.testng.Assert.fail(Assert.java:97)
at org.testng.Assert.assertEqualsImpl(Assert.java:136)
at org.testng.Assert.assertEquals(Assert.java:118)
at org.testng.Assert.assertEquals(Assert.java:575)
at org.testng.Assert.assertEquals(Assert.java:585)
at GeoPack.CartPage.getPlanDetails(CartPage.java:18)
at GeoPack.ProductTest.selectPlan(ProductTest.java:18)
at java.base/jdk.internal.reflect.NativeMethodAccessorImpl.invoke0(Native Method)
at java.base/jdk.internal.reflect.NativeMethodAccessorImpl.invoke(NativeMethodAccessorImpl.java:62)
at java.base/jdk.internal.reflect.DelegatingMethodAccessorImpl.invoke(DelegatingMethodAccessorImpl.java:43)
at java.base/java.lang.reflect.Method.invoke(Method.java:566)
at org.testng.internal.MethodInvocationHelper.invokeMethod(MethodInvocationHelper.java:133)
at org.testng.internal.TestInvoker.invokeMethod(TestInvoker.java:584)
at org.testng.internal.TestInvoker.invokeTestMethod(TestInvoker.java:172)
at org.testng.internal.MethodRunner.runInSequence(MethodRunner.java:46)
at org.testng.internal.TestInvoker$MethodInvocationAgent.invoke(TestInvoker.java:804)
at org.testng.internal.TestInvoker.invokeTestMethods(TestInvoker.java:145)
at org.testng.internal.TestMethodWorker.invokeTestMethods(TestMethodWorker.java:146)
at org.testng.internal.TestMethodWorker.run(TestMethodWorker.java:128)
at java.base/java.util.ArrayList.forEach(ArrayList.java:1540)
at org.testng.TestRunner.privateRun(TestRunner.java:770)
at org.testng.TestRunner.run(TestRunner.java:591)
at org.testng.SuiteRunner.runTest(SuiteRunner.java:402)
at org.testng.SuiteRunner.runSequentially(SuiteRunner.java:396)
at org.testng.SuiteRunner.privateRun(SuiteRunner.java:355)
at org.testng.SuiteRunner.run(SuiteRunner.java:304)
at org.testng.SuiteRunnerWorker.runSuite(SuiteRunnerWorker.java:53)
at org.testng.SuiteRunnerWorker.run(SuiteRunnerWorker.java:96)
at org.testng.TestNG.runSuitesSequentially(TestNG.java:1180)
at org.testng.TestNG.runSuitesLocally(TestNG.java:1102)
at org.testng.TestNG.runSuites(TestNG.java:1032)
at org.testng.TestNG.run(TestNG.java:1000)
at org.testng.remote.AbstractRemoteTestNG.run(AbstractRemoteTestNG.java:115)
at org.testng.remote.RemoteTestNG.initAndRun(RemoteTestNG.java:251)
at org.testng.remote.RemoteTestNG.main(RemoteTestNG.java:77)
]]>
            </full-stacktrace>
          </exception> <!-- java.lang.AssertionError -->
          <reporter-output>
          </reporter-output>
        </test-method> <!-- selectPlan -->
      </class> <!-- GeoPack.ProductTest -->
      <class name="GeoPack.HomePageTest">
        <test-method is-config="true" signature="initializeDriver()[pri:0, instance:GeoPack.HomePageTest@36d585c]" started-at="2020-04-02T20:15:51 IST" name="initializeDriver" finished-at="2020-04-02T20:16:06 IST" duration-ms="14900" status="PASS">
          <reporter-output>
          </reporter-output>
        </test-method> <!-- initializeDriver -->
        <test-method signature="HomeLinkValidation()[pri:0, instance:GeoPack.HomePageTest@36d585c]" started-at="2020-04-02T20:16:06 IST" name="HomeLinkValidation" finished-at="2020-04-02T20:16:06 IST" duration-ms="75" status="PASS">
          <reporter-output>
          </reporter-output>
        </test-method> <!-- HomeLinkValidation -->
        <test-method signature="SupportLinkValidation()[pri:0, instance:GeoPack.HomePageTest@36d585c]" started-at="2020-04-02T20:16:06 IST" name="SupportLinkValidation" finished-at="2020-04-02T20:16:06 IST" duration-ms="40" status="PASS">
          <reporter-output>
          </reporter-output>
        </test-method> <!-- SupportLinkValidation -->
        <test-method signature="logoValidation()[pri:0, instance:GeoPack.HomePageTest@36d585c]" started-at="2020-04-02T20:16:06 IST" name="logoValidation" finished-at="2020-04-02T20:16:06 IST" duration-ms="121" status="PASS">
          <reporter-output>
          </reporter-output>
        </test-method> <!-- logoValidation -->
        <test-method is-config="true" signature="tearDown()[pri:0, instance:GeoPack.HomePageTest@36d585c]" started-at="2020-04-02T20:16:12 IST" name="tearDown" finished-at="2020-04-02T20:16:13 IST" duration-ms="696" status="PASS">
          <reporter-output>
          </reporter-output>
        </test-method> <!-- tearDown -->
      </class> <!-- GeoPack.HomePageTest -->
    </test> <!-- Test -->
  </suite> <!-- Suite -->
</testng-results>
