<?xml version="1.0" encoding="UTF-8"?>
<!-- Generated by org.testng.reporters.JUnitReportReporter -->
<testsuite hostname="DESKTOP-5KN6EBV" failures="0" tests="36" name="geoPackTest.AgencyTest" time="907.845" errors="2" timestamp="2020-05-31T17:46:55 IST" skipped="0">
  <testcase classname="geoPackTest.AgencyTest" name="AgencyMonthly10000SmallestNoExtSupport" time="21.950"/>
  <testcase classname="geoPackTest.AgencyTest" name="AgencyMonthly10000SmallestWithExtSupport" time="20.818"/>
  <testcase classname="geoPackTest.AgencyTest" name="AgencyAnnually10000NoExtSupport" time="35.784">
    <error message="no such element: Unable to locate element: {&quot;method&quot;:&quot;xpath&quot;,&quot;selector&quot;:&quot;//select[contains(@id,&#039;NoOfLicense&#039;)]&quot;}
  (Session info: chrome=83.0.4103.61)
For documentation on this error, please visit: https://www.seleniumhq.org/exceptions/no_such_element.html
Build info: version: &#039;3.141.59&#039;, revision: &#039;e82be7d358&#039;, time: &#039;2018-11-14T08:17:03&#039;
System info: host: &#039;DESKTOP-5KN6EBV&#039;, ip: &#039;192.168.0.102&#039;, os.name: &#039;Windows 10&#039;, os.arch: &#039;amd64&#039;, os.version: &#039;10.0&#039;, java.version: &#039;11.0.4&#039;
Driver info: org.openqa.selenium.chrome.ChromeDriver
Capabilities {acceptInsecureCerts: false, browserName: chrome, browserVersion: 83.0.4103.61, chrome: {chromedriverVersion: 83.0.4103.39 (ccbf011cb2d2b..., userDataDir: C:\Users\cc\AppData\Local\T...}, goog:chromeOptions: {debuggerAddress: localhost:52295}, javascriptEnabled: true, networkConnectionEnabled: false, pageLoadStrategy: normal, platform: WINDOWS, platformName: WINDOWS, proxy: Proxy(), setWindowRect: true, strictFileInteractability: false, timeouts: {implicit: 0, pageLoad: 300000, script: 30000}, unhandledPromptBehavior: dismiss and notify, webauthn:virtualAuthenticators: true}
Session ID: 279c770553461e3b6eec14fe66ef76a4
*** Element info: {Using=xpath, value=//select[contains(@id,&#039;NoOfLicense&#039;)]}" type="org.openqa.selenium.NoSuchElementException">
      <![CDATA[org.openqa.selenium.NoSuchElementException: no such element: Unable to locate element: {"method":"xpath","selector":"//select[contains(@id,'NoOfLicense')]"}
  (Session info: chrome=83.0.4103.61)
For documentation on this error, please visit: https://www.seleniumhq.org/exceptions/no_such_element.html
Build info: version: '3.141.59', revision: 'e82be7d358', time: '2018-11-14T08:17:03'
System info: host: 'DESKTOP-5KN6EBV', ip: '192.168.0.102', os.name: 'Windows 10', os.arch: 'amd64', os.version: '10.0', java.version: '11.0.4'
Driver info: org.openqa.selenium.chrome.ChromeDriver
Capabilities {acceptInsecureCerts: false, browserName: chrome, browserVersion: 83.0.4103.61, chrome: {chromedriverVersion: 83.0.4103.39 (ccbf011cb2d2b..., userDataDir: C:\Users\cc\AppData\Local\T...}, goog:chromeOptions: {debuggerAddress: localhost:52295}, javascriptEnabled: true, networkConnectionEnabled: false, pageLoadStrategy: normal, platform: WINDOWS, platformName: WINDOWS, proxy: Proxy(), setWindowRect: true, strictFileInteractability: false, timeouts: {implicit: 0, pageLoad: 300000, script: 30000}, unhandledPromptBehavior: dismiss and notify, webauthn:virtualAuthenticators: true}
Session ID: 279c770553461e3b6eec14fe66ef76a4
*** Element info: {Using=xpath, value=//select[contains(@id,'NoOfLicense')]}
at java.base/jdk.internal.reflect.NativeConstructorAccessorImpl.newInstance0(Native Method)
at java.base/jdk.internal.reflect.NativeConstructorAccessorImpl.newInstance(NativeConstructorAccessorImpl.java:62)
at java.base/jdk.internal.reflect.DelegatingConstructorAccessorImpl.newInstance(DelegatingConstructorAccessorImpl.java:45)
at java.base/java.lang.reflect.Constructor.newInstance(Constructor.java:490)
at org.openqa.selenium.remote.http.W3CHttpResponseCodec.createException(W3CHttpResponseCodec.java:187)
at org.openqa.selenium.remote.http.W3CHttpResponseCodec.decode(W3CHttpResponseCodec.java:122)
at org.openqa.selenium.remote.http.W3CHttpResponseCodec.decode(W3CHttpResponseCodec.java:49)
at org.openqa.selenium.remote.HttpCommandExecutor.execute(HttpCommandExecutor.java:158)
at org.openqa.selenium.remote.service.DriverCommandExecutor.execute(DriverCommandExecutor.java:83)
at org.openqa.selenium.remote.RemoteWebDriver.execute(RemoteWebDriver.java:552)
at org.openqa.selenium.remote.RemoteWebDriver.findElement(RemoteWebDriver.java:323)
at org.openqa.selenium.remote.RemoteWebDriver.findElementByXPath(RemoteWebDriver.java:428)
at org.openqa.selenium.By$ByXPath.findElement(By.java:353)
at org.openqa.selenium.remote.RemoteWebDriver.findElement(RemoteWebDriver.java:315)
at geoPackPages.CartPage.addAdditionalLicense(CartPage.java:49)
at geoPackPages.UtilityFunctions.checkoutProcessWithoutExtSupportAgency(UtilityFunctions.java:59)
at geoPackTest.AgencyTest.AgencyAnnually10000NoExtSupport(AgencyTest.java:67)
at java.base/jdk.internal.reflect.NativeMethodAccessorImpl.invoke0(Native Method)
at java.base/jdk.internal.reflect.NativeMethodAccessorImpl.invoke(NativeMethodAccessorImpl.java:62)
at java.base/jdk.internal.reflect.DelegatingMethodAccessorImpl.invoke(DelegatingMethodAccessorImpl.java:43)
at java.base/java.lang.reflect.Method.invoke(Method.java:566)
at org.testng.internal.MethodInvocationHelper.invokeMethod(MethodInvocationHelper.java:133)
at org.testng.internal.TestInvoker.invokeMethod(TestInvoker.java:584)
at org.testng.internal.TestInvoker.invokeTestMethod(TestInvoker.java:172)
at org.testng.internal.MethodRunner.runInSequence(MethodRunner.java:46)
at org.testng.internal.TestInvoker$MethodInvocationAgent.invoke(TestInvoker.java:804)
at org.testng.internal.TestInvoker.invokeTestMethods(TestInvoker.java:145)
at org.testng.internal.TestMethodWorker.invokeTestMethods(TestMethodWorker.java:146)
at org.testng.internal.TestMethodWorker.run(TestMethodWorker.java:128)
at java.base/java.util.ArrayList.forEach(ArrayList.java:1540)
at org.testng.TestRunner.privateRun(TestRunner.java:770)
at org.testng.TestRunner.run(TestRunner.java:591)
at org.testng.SuiteRunner.runTest(SuiteRunner.java:402)
at org.testng.SuiteRunner.runSequentially(SuiteRunner.java:396)
at org.testng.SuiteRunner.privateRun(SuiteRunner.java:355)
at org.testng.SuiteRunner.run(SuiteRunner.java:304)
at org.testng.SuiteRunnerWorker.runSuite(SuiteRunnerWorker.java:53)
at org.testng.SuiteRunnerWorker.run(SuiteRunnerWorker.java:96)
at org.testng.TestNG.runSuitesSequentially(TestNG.java:1180)
at org.testng.TestNG.runSuitesLocally(TestNG.java:1102)
at org.testng.TestNG.runSuites(TestNG.java:1032)
at org.testng.TestNG.run(TestNG.java:1000)
at org.testng.remote.AbstractRemoteTestNG.run(AbstractRemoteTestNG.java:115)
at org.testng.remote.RemoteTestNG.initAndRun(RemoteTestNG.java:251)
at org.testng.remote.RemoteTestNG.main(RemoteTestNG.java:77)
]]>
    </error>
  </testcase> <!-- AgencyAnnually10000NoExtSupport -->
  <testcase classname="geoPackTest.AgencyTest" name="AgencyAnnually10000WithExtSupport" time="39.590">
    <error message="no such element: Unable to locate element: {&quot;method&quot;:&quot;xpath&quot;,&quot;selector&quot;:&quot;//select[@id=&#039;ddlSupportType&#039;]&quot;}
  (Session info: chrome=83.0.4103.61)
For documentation on this error, please visit: https://www.seleniumhq.org/exceptions/no_such_element.html
Build info: version: &#039;3.141.59&#039;, revision: &#039;e82be7d358&#039;, time: &#039;2018-11-14T08:17:03&#039;
System info: host: &#039;DESKTOP-5KN6EBV&#039;, ip: &#039;192.168.0.102&#039;, os.name: &#039;Windows 10&#039;, os.arch: &#039;amd64&#039;, os.version: &#039;10.0&#039;, java.version: &#039;11.0.4&#039;
Driver info: org.openqa.selenium.chrome.ChromeDriver
Capabilities {acceptInsecureCerts: false, browserName: chrome, browserVersion: 83.0.4103.61, chrome: {chromedriverVersion: 83.0.4103.39 (ccbf011cb2d2b..., userDataDir: C:\Users\cc\AppData\Local\T...}, goog:chromeOptions: {debuggerAddress: localhost:52316}, javascriptEnabled: true, networkConnectionEnabled: false, pageLoadStrategy: normal, platform: WINDOWS, platformName: WINDOWS, proxy: Proxy(), setWindowRect: true, strictFileInteractability: false, timeouts: {implicit: 0, pageLoad: 300000, script: 30000}, unhandledPromptBehavior: dismiss and notify, webauthn:virtualAuthenticators: true}
Session ID: 98024e3936a1f2da33134570b14861cb
*** Element info: {Using=xpath, value=//select[@id=&#039;ddlSupportType&#039;]}" type="org.openqa.selenium.NoSuchElementException">
      <![CDATA[org.openqa.selenium.NoSuchElementException: no such element: Unable to locate element: {"method":"xpath","selector":"//select[@id='ddlSupportType']"}
  (Session info: chrome=83.0.4103.61)
For documentation on this error, please visit: https://www.seleniumhq.org/exceptions/no_such_element.html
Build info: version: '3.141.59', revision: 'e82be7d358', time: '2018-11-14T08:17:03'
System info: host: 'DESKTOP-5KN6EBV', ip: '192.168.0.102', os.name: 'Windows 10', os.arch: 'amd64', os.version: '10.0', java.version: '11.0.4'
Driver info: org.openqa.selenium.chrome.ChromeDriver
Capabilities {acceptInsecureCerts: false, browserName: chrome, browserVersion: 83.0.4103.61, chrome: {chromedriverVersion: 83.0.4103.39 (ccbf011cb2d2b..., userDataDir: C:\Users\cc\AppData\Local\T...}, goog:chromeOptions: {debuggerAddress: localhost:52316}, javascriptEnabled: true, networkConnectionEnabled: false, pageLoadStrategy: normal, platform: WINDOWS, platformName: WINDOWS, proxy: Proxy(), setWindowRect: true, strictFileInteractability: false, timeouts: {implicit: 0, pageLoad: 300000, script: 30000}, unhandledPromptBehavior: dismiss and notify, webauthn:virtualAuthenticators: true}
Session ID: 98024e3936a1f2da33134570b14861cb
*** Element info: {Using=xpath, value=//select[@id='ddlSupportType']}
at java.base/jdk.internal.reflect.NativeConstructorAccessorImpl.newInstance0(Native Method)
at java.base/jdk.internal.reflect.NativeConstructorAccessorImpl.newInstance(NativeConstructorAccessorImpl.java:62)
at java.base/jdk.internal.reflect.DelegatingConstructorAccessorImpl.newInstance(DelegatingConstructorAccessorImpl.java:45)
at java.base/java.lang.reflect.Constructor.newInstance(Constructor.java:490)
at org.openqa.selenium.remote.http.W3CHttpResponseCodec.createException(W3CHttpResponseCodec.java:187)
at org.openqa.selenium.remote.http.W3CHttpResponseCodec.decode(W3CHttpResponseCodec.java:122)
at org.openqa.selenium.remote.http.W3CHttpResponseCodec.decode(W3CHttpResponseCodec.java:49)
at org.openqa.selenium.remote.HttpCommandExecutor.execute(HttpCommandExecutor.java:158)
at org.openqa.selenium.remote.service.DriverCommandExecutor.execute(DriverCommandExecutor.java:83)
at org.openqa.selenium.remote.RemoteWebDriver.execute(RemoteWebDriver.java:552)
at org.openqa.selenium.remote.RemoteWebDriver.findElement(RemoteWebDriver.java:323)
at org.openqa.selenium.remote.RemoteWebDriver.findElementByXPath(RemoteWebDriver.java:428)
at org.openqa.selenium.By$ByXPath.findElement(By.java:353)
at org.openqa.selenium.remote.RemoteWebDriver.findElement(RemoteWebDriver.java:315)
at geoPackPages.CartPage.supportDropDown(CartPage.java:62)
at geoPackPages.UtilityFunctions.checkoutProcessWithExtSupportAgency(UtilityFunctions.java:73)
at geoPackTest.AgencyTest.AgencyAnnually10000WithExtSupport(AgencyTest.java:74)
at java.base/jdk.internal.reflect.NativeMethodAccessorImpl.invoke0(Native Method)
at java.base/jdk.internal.reflect.NativeMethodAccessorImpl.invoke(NativeMethodAccessorImpl.java:62)
at java.base/jdk.internal.reflect.DelegatingMethodAccessorImpl.invoke(DelegatingMethodAccessorImpl.java:43)
at java.base/java.lang.reflect.Method.invoke(Method.java:566)
at org.testng.internal.MethodInvocationHelper.invokeMethod(MethodInvocationHelper.java:133)
at org.testng.internal.TestInvoker.invokeMethod(TestInvoker.java:584)
at org.testng.internal.TestInvoker.invokeTestMethod(TestInvoker.java:172)
at org.testng.internal.MethodRunner.runInSequence(MethodRunner.java:46)
at org.testng.internal.TestInvoker$MethodInvocationAgent.invoke(TestInvoker.java:804)
at org.testng.internal.TestInvoker.invokeTestMethods(TestInvoker.java:145)
at org.testng.internal.TestMethodWorker.invokeTestMethods(TestMethodWorker.java:146)
at org.testng.internal.TestMethodWorker.run(TestMethodWorker.java:128)
at java.base/java.util.ArrayList.forEach(ArrayList.java:1540)
at org.testng.TestRunner.privateRun(TestRunner.java:770)
at org.testng.TestRunner.run(TestRunner.java:591)
at org.testng.SuiteRunner.runTest(SuiteRunner.java:402)
at org.testng.SuiteRunner.runSequentially(SuiteRunner.java:396)
at org.testng.SuiteRunner.privateRun(SuiteRunner.java:355)
at org.testng.SuiteRunner.run(SuiteRunner.java:304)
at org.testng.SuiteRunnerWorker.runSuite(SuiteRunnerWorker.java:53)
at org.testng.SuiteRunnerWorker.run(SuiteRunnerWorker.java:96)
at org.testng.TestNG.runSuitesSequentially(TestNG.java:1180)
at org.testng.TestNG.runSuitesLocally(TestNG.java:1102)
at org.testng.TestNG.runSuites(TestNG.java:1032)
at org.testng.TestNG.run(TestNG.java:1000)
at org.testng.remote.AbstractRemoteTestNG.run(AbstractRemoteTestNG.java:115)
at org.testng.remote.RemoteTestNG.initAndRun(RemoteTestNG.java:251)
at org.testng.remote.RemoteTestNG.main(RemoteTestNG.java:77)
]]>
    </error>
  </testcase> <!-- AgencyAnnually10000WithExtSupport -->
  <testcase classname="geoPackTest.AgencyTest" name="AgencyMonthly20000NoExtSupport" time="24.853"/>
  <testcase classname="geoPackTest.AgencyTest" name="AgencyMonthly20000WithExtSupport" time="26.718"/>
  <testcase classname="geoPackTest.AgencyTest" name="AgencyAnnually20000NoExtSupport" time="20.605"/>
  <testcase classname="geoPackTest.AgencyTest" name="AgencyAnnually20000WithExtSupport" time="23.810"/>
  <testcase classname="geoPackTest.AgencyTest" name="AgencyMonthly80000NoExtSupport" time="27.874"/>
  <testcase classname="geoPackTest.AgencyTest" name="AgencyMonthly80000WithExtSupport" time="24.558"/>
  <testcase classname="geoPackTest.AgencyTest" name="AgencyAnnually80000NoExtSupport" time="23.349"/>
  <testcase classname="geoPackTest.AgencyTest" name="AgencyAnnually80000WithExtSupport" time="24.396"/>
  <testcase classname="geoPackTest.AgencyTest" name="AgencyMonthly160000NoExtSupport" time="20.145"/>
  <testcase classname="geoPackTest.AgencyTest" name="AgencyMonthly160000WithExtSupport" time="38.340"/>
  <testcase classname="geoPackTest.AgencyTest" name="AgencyAnnually160000NoExtSupport" time="23.032"/>
  <testcase classname="geoPackTest.AgencyTest" name="AgencyAnnually160000WithExtSupport" time="29.323"/>
  <testcase classname="geoPackTest.AgencyTest" name="AgencyMonthly240000NoExtSupport" time="25.057"/>
  <testcase classname="geoPackTest.AgencyTest" name="AgencyMonthly240000WithExtSupport" time="22.843"/>
  <testcase classname="geoPackTest.AgencyTest" name="AgencyAnnually240000NoExtSupport" time="22.552"/>
  <testcase classname="geoPackTest.AgencyTest" name="AgencyAnnually240000WithExtSupport" time="23.541"/>
  <testcase classname="geoPackTest.AgencyTest" name="AgencyMonthly350000NoExtSupport" time="24.165"/>
  <testcase classname="geoPackTest.AgencyTest" name="AgencyMonthly350000WithExtSupport" time="25.281"/>
  <testcase classname="geoPackTest.AgencyTest" name="AgencyAnnually350000NoExtSupport" time="23.672"/>
  <testcase classname="geoPackTest.AgencyTest" name="AgencyAnnually350000WithExtSupport" time="22.404"/>
  <testcase classname="geoPackTest.AgencyTest" name="AgencyMonthly500000NoExtSupport" time="21.765"/>
  <testcase classname="geoPackTest.AgencyTest" name="AgencyMonthly500000WithExtSupport" time="26.160"/>
  <testcase classname="geoPackTest.AgencyTest" name="AgencyAnnually500000NoExtSupport" time="27.065"/>
  <testcase classname="geoPackTest.AgencyTest" name="AgencyAnnually500000WithExtSupport" time="24.628"/>
  <testcase classname="geoPackTest.AgencyTest" name="AgencyMonthly750000NoExtSupport" time="23.250"/>
  <testcase classname="geoPackTest.AgencyTest" name="AgencyMonthly750000WithExtSupport" time="22.193"/>
  <testcase classname="geoPackTest.AgencyTest" name="AgencyAnnually750000NoExtSupport" time="23.047"/>
  <testcase classname="geoPackTest.AgencyTest" name="AgencyAnnually750000WithExtSupport" time="23.271"/>
  <testcase classname="geoPackTest.AgencyTest" name="AgencyMonthly1000000NoExtSupport" time="23.672"/>
  <testcase classname="geoPackTest.AgencyTest" name="AgencyMonthly1000000WithExtSupport" time="33.600"/>
  <testcase classname="geoPackTest.AgencyTest" name="AgencyAnnually1000000NoExtSupport" time="22.534"/>
  <testcase classname="geoPackTest.AgencyTest" name="AgencyAnnually1000000WithExtSupport" time="22.000"/>
</testsuite> <!-- geoPackTest.AgencyTest -->
